17:14:41 **** Build of configuration Debug for project IncapV2_0 ****
make all 
Building file: ../src/IncapV2_0.cpp
Invoking: Cygwin C++ Compiler
g++ -O0 -g3 -Wall -c -fmessage-length=0 -MMD -MP -MF"src/IncapV2_0.d" -MT"src/IncapV2_0.o" -o "src/IncapV2_0.o" "../src/IncapV2_0.cpp"
Finished building: ../src/IncapV2_0.cpp
 
Building target: IncapV2_0.exe
Invoking: Cygwin C++ Linker
g++  -o "IncapV2_0.exe"  ./src/IncapV2_0.o   
Finished building target: IncapV2_0.exe
 
17:14:45 **** Incremental Build of configuration Debug for project IncapV2_0 ****
make all 
make: Nothing to be done for 'all'.
17:15:44 **** Incremental Build of configuration Debug for project Incapacidad_v1 ****
make all 
Building file: ../src/Fechas.cpp
Invoking: Cygwin C++ Compiler
g++ -std=c++11 -O0 -g3 -Wall -c -fmessage-length=0 -MMD -MP -MF"src/Fechas.d" -MT"src/Fechas.o" -o "src/Fechas.o" "../src/Fechas.cpp"
Finished building: ../src/Fechas.cpp
 
Building target: Incapacidad_v1.exe
Invoking: Cygwin C++ Linker
g++  -o "Incapacidad_v1.exe"  ./src/Empleado.o ./src/Fechas.o ./src/Incapacidad_v1.o   
Finished building target: Incapacidad_v1.exe
 
17:16:06 **** Incremental Build of configuration Debug for project Incapacidad_v1 ****
make all 
Building file: ../src/Incapacidad_v1.cpp
Invoking: Cygwin C++ Compiler
g++ -std=c++11 -O0 -g3 -Wall -c -fmessage-length=0 -MMD -MP -MF"src/Incapacidad_v1.d" -MT"src/Incapacidad_v1.o" -o "src/Incapacidad_v1.o" "../src/Incapacidad_v1.cpp"
Finished building: ../src/Incapacidad_v1.cpp
 
Building target: Incapacidad_v1.exe
Invoking: Cygwin C++ Linker
g++  -o "Incapacidad_v1.exe"  ./src/Empleado.o ./src/Fechas.o ./src/Incapacidad_v1.o   
Finished building target: Incapacidad_v1.exe
 
17:21:29 **** Incremental Build of configuration Debug for project IncapV2_0 ****
make all 
Building file: ../src/Dates.cpp
Invoking: Cygwin C++ Compiler
g++ -O0 -g3 -Wall -c -fmessage-length=0 -MMD -MP -MF"src/Dates.d" -MT"src/Dates.o" -o "src/Dates.o" "../src/Dates.cpp"
Finished building: ../src/Dates.cpp
 
Building file: ../src/Employee.cpp
Invoking: Cygwin C++ Compiler
g++ -O0 -g3 -Wall -c -fmessage-length=0 -MMD -MP -MF"src/Employee.d" -MT"src/Employee.o" -o "src/Employee.o" "../src/Employee.cpp"
Finished building: ../src/Employee.cpp
 
Building target: IncapV2_0.exe
Invoking: Cygwin C++ Linker
g++  -o "IncapV2_0.exe"  ./src/Dates.o ./src/Employee.o ./src/IncapV2_0.o   
Finished building target: IncapV2_0.exe
 
17:23:41 **** Incremental Build of configuration Debug for project IncapV2_0 ****
make all 
Building file: ../src/Dates.cpp
Invoking: Cygwin C++ Compiler
g++ -O0 -g3 -Wall -c -fmessage-length=0 -MMD -MP -MF"src/Dates.d" -MT"src/Dates.o" -o "src/Dates.o" "../src/Dates.cpp"
Finished building: ../src/Dates.cpp
 
Building file: ../src/Employee.cpp
Invoking: Cygwin C++ Compiler
g++ -O0 -g3 -Wall -c -fmessage-length=0 -MMD -MP -MF"src/Employee.d" -MT"src/Employee.o" -o "src/Employee.o" "../src/Employee.cpp"
Finished building: ../src/Employee.cpp
 
Building target: IncapV2_0.exe
Invoking: Cygwin C++ Linker
g++  -o "IncapV2_0.exe"  ./src/Dates.o ./src/Employee.o ./src/IncapV2_0.o   
Finished building target: IncapV2_0.exe
 
17:28:40 **** Incremental Build of configuration Debug for project IncapV2_0 ****
make all 
Building file: ../src/Dates.cpp
Invoking: Cygwin C++ Compiler
g++ -O0 -g3 -Wall -c -fmessage-length=0 -MMD -MP -MF"src/Dates.d" -MT"src/Dates.o" -o "src/Dates.o" "../src/Dates.cpp"
Finished building: ../src/Dates.cpp
 
Building file: ../src/Employee.cpp
Invoking: Cygwin C++ Compiler
g++ -O0 -g3 -Wall -c -fmessage-length=0 -MMD -MP -MF"src/Employee.d" -MT"src/Employee.o" -o "src/Employee.o" "../src/Employee.cpp"
Finished building: ../src/Employee.cpp
 
Building target: IncapV2_0.exe
Invoking: Cygwin C++ Linker
g++  -o "IncapV2_0.exe"  ./src/Dates.o ./src/Employee.o ./src/IncapV2_0.o   
Finished building target: IncapV2_0.exe
 
17:29:52 **** Incremental Build of configuration Debug for project IncapV2_0 ****
make all 
Building file: ../src/Dates.cpp
Invoking: Cygwin C++ Compiler
g++ -O0 -g3 -Wall -c -fmessage-length=0 -MMD -MP -MF"src/Dates.d" -MT"src/Dates.o" -o "src/Dates.o" "../src/Dates.cpp"
Finished building: ../src/Dates.cpp
 
Building target: IncapV2_0.exe
Invoking: Cygwin C++ Linker
g++  -o "IncapV2_0.exe"  ./src/Dates.o ./src/Employee.o ./src/IncapV2_0.o   
Finished building target: IncapV2_0.exe
 
17:33:50 **** Incremental Build of configuration Debug for project IncapV2_0 ****
make all 
Building file: ../src/Dates.cpp
Invoking: Cygwin C++ Compiler
g++ -O0 -g3 -Wall -c -fmessage-length=0 -MMD -MP -MF"src/Dates.d" -MT"src/Dates.o" -o "src/Dates.o" "../src/Dates.cpp"
Finished building: ../src/Dates.cpp
 
Building file: ../src/Employee.cpp
Invoking: Cygwin C++ Compiler
g++ -O0 -g3 -Wall -c -fmessage-length=0 -MMD -MP -MF"src/Employee.d" -MT"src/Employee.o" -o "src/Employee.o" "../src/Employee.cpp"
Finished building: ../src/Employee.cpp
 
Building file: ../src/IncapV2_0.cpp
Invoking: Cygwin C++ Compiler
g++ -O0 -g3 -Wall -c -fmessage-length=0 -MMD -MP -MF"src/IncapV2_0.d" -MT"src/IncapV2_0.o" -o "src/IncapV2_0.o" "../src/IncapV2_0.cpp"
Finished building: ../src/IncapV2_0.cpp
 
Building target: IncapV2_0.exe
Invoking: Cygwin C++ Linker
g++  -o "IncapV2_0.exe"  ./src/Dates.o ./src/Employee.o ./src/IncapV2_0.o   
Finished building target: IncapV2_0.exe
 
17:34:44 **** Incremental Build of configuration Debug for project IncapV2_0 ****
make all 
Building file: ../src/IncapV2_0.cpp
Invoking: Cygwin C++ Compiler
g++ -O0 -g3 -Wall -c -fmessage-length=0 -MMD -MP -MF"src/IncapV2_0.d" -MT"src/IncapV2_0.o" -o "src/IncapV2_0.o" "../src/IncapV2_0.cpp"
../src/IncapV2_0.cpp: In function 'int main()':
../src/IncapV2_0.cpp:14:2: error: 'Dates' was not declared in this scope
  Dates cDate;
  ^
../src/IncapV2_0.cpp:15:10: error: 'cDate' was not declared in this scope
  cout << cDate.currYear << endl;
          ^
make: *** [src/subdir.mk:26: src/IncapV2_0.o] Error 1
17:35:52 **** Incremental Build of configuration Debug for project IncapV2_0 ****
make all 
Building file: ../src/IncapV2_0.cpp
Invoking: Cygwin C++ Compiler
g++ -O0 -g3 -Wall -c -fmessage-length=0 -MMD -MP -MF"src/IncapV2_0.d" -MT"src/IncapV2_0.o" -o "src/IncapV2_0.o" "../src/IncapV2_0.cpp"
../src/IncapV2_0.cpp: In function 'int main()':
../src/IncapV2_0.cpp:15:15: error: found ':' in nested-name-specifier, expected '::'
  cout << Dates:currYear << endl;
               ^
../src/IncapV2_0.cpp:15:10: error: 'Dates' has not been declared
  cout << Dates:currYear << endl;
          ^
make: *** [src/subdir.mk:26: src/IncapV2_0.o] Error 1
17:37:41 **** Incremental Build of configuration Debug for project IncapV2_0 ****
make all 
Building file: ../src/Dates.cpp
Invoking: Cygwin C++ Compiler
g++ -O0 -g3 -Wall -c -fmessage-length=0 -MMD -MP -MF"src/Dates.d" -MT"src/Dates.o" -o "src/Dates.o" "../src/Dates.cpp"
../src/Dates.cpp:17:1: error: unterminated comment
 /*tm* Dates::getCurrTime(){
 ^
../src/Dates.cpp: In constructor 'Dates::Dates()':
../src/Dates.cpp:11:13: error: expected '{' before ';' token
 hoy(time(0));
             ^
../src/Dates.cpp: At global scope:
../src/Dates.cpp:12:1: error: expected unqualified-id before '{' token
 {
 ^
make: *** [src/subdir.mk:26: src/Dates.o] Error 1
17:37:52 **** Incremental Build of configuration Debug for project IncapV2_0 ****
make all 
Building file: ../src/Dates.cpp
Invoking: Cygwin C++ Compiler
g++ -O0 -g3 -Wall -c -fmessage-length=0 -MMD -MP -MF"src/Dates.d" -MT"src/Dates.o" -o "src/Dates.o" "../src/Dates.cpp"
../src/Dates.cpp: In constructor 'Dates::Dates()':
../src/Dates.cpp:11:13: error: expected '{' before ';' token
 hoy(time(0));
             ^
../src/Dates.cpp: At global scope:
../src/Dates.cpp:12:1: error: expected unqualified-id before '{' token
 {
 ^
make: *** [src/subdir.mk:26: src/Dates.o] Error 1
17:38:11 **** Incremental Build of configuration Debug for project IncapV2_0 ****
make all 
Building file: ../src/Dates.cpp
Invoking: Cygwin C++ Compiler
g++ -O0 -g3 -Wall -c -fmessage-length=0 -MMD -MP -MF"src/Dates.d" -MT"src/Dates.o" -o "src/Dates.o" "../src/Dates.cpp"
Finished building: ../src/Dates.cpp
 
Building file: ../src/Employee.cpp
Invoking: Cygwin C++ Compiler
g++ -O0 -g3 -Wall -c -fmessage-length=0 -MMD -MP -MF"src/Employee.d" -MT"src/Employee.o" -o "src/Employee.o" "../src/Employee.cpp"
Finished building: ../src/Employee.cpp
 
Building file: ../src/IncapV2_0.cpp
Invoking: Cygwin C++ Compiler
g++ -O0 -g3 -Wall -c -fmessage-length=0 -MMD -MP -MF"src/IncapV2_0.d" -MT"src/IncapV2_0.o" -o "src/IncapV2_0.o" "../src/IncapV2_0.cpp"
Finished building: ../src/IncapV2_0.cpp
 
Building target: IncapV2_0.exe
Invoking: Cygwin C++ Linker
g++  -o "IncapV2_0.exe"  ./src/Dates.o ./src/Employee.o ./src/IncapV2_0.o   
Finished building target: IncapV2_0.exe
 
17:39:24 **** Incremental Build of configuration Debug for project IncapV2_0 ****
make all 
Building file: ../src/Dates.cpp
Invoking: Cygwin C++ Compiler
g++ -O0 -g3 -Wall -c -fmessage-length=0 -MMD -MP -MF"src/Dates.d" -MT"src/Dates.o" -o "src/Dates.o" "../src/Dates.cpp"
Finished building: ../src/Dates.cpp
 
Building target: IncapV2_0.exe
Invoking: Cygwin C++ Linker
g++  -o "IncapV2_0.exe"  ./src/Dates.o ./src/Employee.o ./src/IncapV2_0.o   
Finished building target: IncapV2_0.exe
 
17:40:22 **** Incremental Build of configuration Debug for project IncapV2_0 ****
make all 
Building file: ../src/Dates.cpp
Invoking: Cygwin C++ Compiler
g++ -O0 -g3 -Wall -c -fmessage-length=0 -MMD -MP -MF"src/Dates.d" -MT"src/Dates.o" -o "src/Dates.o" "../src/Dates.cpp"
Finished building: ../src/Dates.cpp
 
Building file: ../src/Employee.cpp
Invoking: Cygwin C++ Compiler
g++ -O0 -g3 -Wall -c -fmessage-length=0 -MMD -MP -MF"src/Employee.d" -MT"src/Employee.o" -o "src/Employee.o" "../src/Employee.cpp"
Finished building: ../src/Employee.cpp
 
Building file: ../src/IncapV2_0.cpp
Invoking: Cygwin C++ Compiler
g++ -O0 -g3 -Wall -c -fmessage-length=0 -MMD -MP -MF"src/IncapV2_0.d" -MT"src/IncapV2_0.o" -o "src/IncapV2_0.o" "../src/IncapV2_0.cpp"
../src/IncapV2_0.cpp: In function 'int main()':
../src/IncapV2_0.cpp:14:25: error: 'ltm' was not declared in this scope
   int currYear = 1900 + ltm->tm_year;
                         ^
../src/IncapV2_0.cpp:14:7: warning: unused variable 'currYear' [-Wunused-variable]
   int currYear = 1900 + ltm->tm_year;
       ^
../src/IncapV2_0.cpp:15:7: warning: unused variable 'currMonth' [-Wunused-variable]
   int currMonth = 1 + ltm->tm_mon;
       ^
../src/IncapV2_0.cpp:16:7: warning: unused variable 'currDay' [-Wunused-variable]
   int currDay = ltm->tm_mday;
       ^
make: *** [src/subdir.mk:26: src/IncapV2_0.o] Error 1
17:41:00 **** Incremental Build of configuration Debug for project IncapV2_0 ****
make all 
Building file: ../src/IncapV2_0.cpp
Invoking: Cygwin C++ Compiler
g++ -O0 -g3 -Wall -c -fmessage-length=0 -MMD -MP -MF"src/IncapV2_0.d" -MT"src/IncapV2_0.o" -o "src/IncapV2_0.o" "../src/IncapV2_0.cpp"
../src/IncapV2_0.cpp: In function 'int main()':
../src/IncapV2_0.cpp:14:25: error: 'Dates' has not been declared
   int currYear = 1900 + Dates::ltm->tm_year;
                         ^
../src/IncapV2_0.cpp:15:23: error: 'Dates' has not been declared
   int currMonth = 1 + Dates::ltm->tm_mon;
                       ^
../src/IncapV2_0.cpp:16:17: error: 'Dates' has not been declared
   int currDay = Dates::ltm->tm_mday;
                 ^
../src/IncapV2_0.cpp:14:7: warning: unused variable 'currYear' [-Wunused-variable]
   int currYear = 1900 + Dates::ltm->tm_year;
       ^
../src/IncapV2_0.cpp:15:7: warning: unused variable 'currMonth' [-Wunused-variable]
   int currMonth = 1 + Dates::ltm->tm_mon;
       ^
../src/IncapV2_0.cpp:16:7: warning: unused variable 'currDay' [-Wunused-variable]
   int currDay = Dates::ltm->tm_mday;
       ^
make: *** [src/subdir.mk:26: src/IncapV2_0.o] Error 1
17:41:32 **** Incremental Build of configuration Debug for project IncapV2_0 ****
make all 
Building file: ../src/IncapV2_0.cpp
Invoking: Cygwin C++ Compiler
g++ -O0 -g3 -Wall -c -fmessage-length=0 -MMD -MP -MF"src/IncapV2_0.d" -MT"src/IncapV2_0.o" -o "src/IncapV2_0.o" "../src/IncapV2_0.cpp"
../src/IncapV2_0.cpp: In function 'int main()':
../src/IncapV2_0.cpp:13:2: error: 'Dates' was not declared in this scope
  Dates myDate;
  ^
../src/IncapV2_0.cpp:14:25: error: 'Dates' is not a class or namespace
   int currYear = 1900 + Dates::ltm->tm_year;
                         ^
../src/IncapV2_0.cpp:15:23: error: 'Dates' is not a class or namespace
   int currMonth = 1 + Dates::ltm->tm_mon;
                       ^
../src/IncapV2_0.cpp:16:17: error: 'Dates' is not a class or namespace
   int currDay = Dates::ltm->tm_mday;
                 ^
../src/IncapV2_0.cpp:14:7: warning: unused variable 'currYear' [-Wunused-variable]
   int currYear = 1900 + Dates::ltm->tm_year;
       ^
../src/IncapV2_0.cpp:15:7: warning: unused variable 'currMonth' [-Wunused-variable]
   int currMonth = 1 + Dates::ltm->tm_mon;
       ^
../src/IncapV2_0.cpp:16:7: warning: unused variable 'currDay' [-Wunused-variable]
   int currDay = Dates::ltm->tm_mday;
       ^
make: *** [src/subdir.mk:26: src/IncapV2_0.o] Error 1
17:42:28 **** Incremental Build of configuration Debug for project IncapV2_0 ****
make all 
Building file: ../src/IncapV2_0.cpp
Invoking: Cygwin C++ Compiler
g++ -O0 -g3 -Wall -c -fmessage-length=0 -MMD -MP -MF"src/IncapV2_0.d" -MT"src/IncapV2_0.o" -o "src/IncapV2_0.o" "../src/IncapV2_0.cpp"
../src/IncapV2_0.cpp: In function 'int main()':
../src/IncapV2_0.cpp:13:2: error: 'Dates' was not declared in this scope
  Dates myDate;
  ^
../src/IncapV2_0.cpp:14:25: error: 'myDate' was not declared in this scope
   int currYear = 1900 + myDate.ltm->tm_year;
                         ^
../src/IncapV2_0.cpp:14:7: warning: unused variable 'currYear' [-Wunused-variable]
   int currYear = 1900 + myDate.ltm->tm_year;
       ^
../src/IncapV2_0.cpp:15:7: warning: unused variable 'currMonth' [-Wunused-variable]
   int currMonth = 1 + myDate.ltm->tm_mon;
       ^
../src/IncapV2_0.cpp:16:7: warning: unused variable 'currDay' [-Wunused-variable]
   int currDay = myDate.ltm->tm_mday;
       ^
make: *** [src/subdir.mk:26: src/IncapV2_0.o] Error 1
17:43:09 **** Incremental Build of configuration Debug for project IncapV2_0 ****
make all 
Building file: ../src/IncapV2_0.cpp
Invoking: Cygwin C++ Compiler
g++ -O0 -g3 -Wall -c -fmessage-length=0 -MMD -MP -MF"src/IncapV2_0.d" -MT"src/IncapV2_0.o" -o "src/IncapV2_0.o" "../src/IncapV2_0.cpp"
Finished building: ../src/IncapV2_0.cpp
 
Building target: IncapV2_0.exe
Invoking: Cygwin C++ Linker
g++  -o "IncapV2_0.exe"  ./src/Dates.o ./src/Employee.o ./src/IncapV2_0.o   
Finished building target: IncapV2_0.exe
 
17:43:53 **** Incremental Build of configuration Debug for project IncapV2_0 ****
make all 
Building file: ../src/IncapV2_0.cpp
Invoking: Cygwin C++ Compiler
g++ -O0 -g3 -Wall -c -fmessage-length=0 -MMD -MP -MF"src/IncapV2_0.d" -MT"src/IncapV2_0.o" -o "src/IncapV2_0.o" "../src/IncapV2_0.cpp"
In file included from ../src/IncapV2_0.cpp:11:0:
../src/Dates.h: In function 'int main()':
../src/Dates.h:18:6: error: 'tm* Dates::ltm' is private
  tm* ltm;
      ^
../src/IncapV2_0.cpp:16:31: error: within this context
  int currYear = 1900 + Dates::ltm->tm_year;
                               ^
../src/IncapV2_0.cpp:16:31: error: invalid use of non-static data member 'Dates::ltm'
In file included from ../src/IncapV2_0.cpp:11:0:
../src/Dates.h:18:6: note: declared here
  tm* ltm;
      ^
../src/IncapV2_0.cpp:16:6: warning: unused variable 'currYear' [-Wunused-variable]
  int currYear = 1900 + Dates::ltm->tm_year;
      ^
make: *** [src/subdir.mk:26: src/IncapV2_0.o] Error 1
08:36:45 **** Incremental Build of configuration Debug for project IncapV2_0 ****
make all 
Building file: ../src/IncapV2_0.cpp
Invoking: Cygwin C++ Compiler
g++ -O0 -g3 -Wall -c -fmessage-length=0 -MMD -MP -MF"src/IncapV2_0.d" -MT"src/IncapV2_0.o" -o "src/IncapV2_0.o" "../src/IncapV2_0.cpp"
Finished building: ../src/IncapV2_0.cpp
 
Building target: IncapV2_0.exe
Invoking: Cygwin C++ Linker
g++  -o "IncapV2_0.exe"  ./src/Dates.o ./src/Employee.o ./src/IncapV2_0.o   
Finished building target: IncapV2_0.exe
 
08:39:22 **** Incremental Build of configuration Debug for project IncapV2_0 ****
make all 
Building file: ../src/Dates.cpp
Invoking: Cygwin C++ Compiler
g++ -O0 -g3 -Wall -c -fmessage-length=0 -MMD -MP -MF"src/Dates.d" -MT"src/Dates.o" -o "src/Dates.o" "../src/Dates.cpp"
../src/Dates.cpp: In constructor 'Dates::Dates()':
../src/Dates.cpp:11:1: error: class 'Dates' does not have any field named 'hoy'
 hoy(time(0)),
 ^
../src/Dates.cpp:12:1: error: class 'Dates' does not have any field named 'ltm'
 ltm(localtime(&hoy))
 ^
../src/Dates.cpp:12:16: error: 'hoy' was not declared in this scope
 ltm(localtime(&hoy))
                ^
../src/Dates.cpp: In function 'void myDate()':
../src/Dates.cpp:24:6: warning: unused variable 'currDay' [-Wunused-variable]
  int currDay = ltm->tm_mday;
      ^
make: *** [src/subdir.mk:26: src/Dates.o] Error 1
08:39:37 **** Incremental Build of configuration Debug for project IncapV2_0 ****
make all 
Building file: ../src/Dates.cpp
Invoking: Cygwin C++ Compiler
g++ -O0 -g3 -Wall -c -fmessage-length=0 -MMD -MP -MF"src/Dates.d" -MT"src/Dates.o" -o "src/Dates.o" "../src/Dates.cpp"
../src/Dates.cpp: In constructor 'Dates::Dates()':
../src/Dates.cpp:12:1: error: expected identifier before '{' token
 {
 ^
../src/Dates.cpp: In function 'void myDate()':
../src/Dates.cpp:23:6: warning: unused variable 'currDay' [-Wunused-variable]
  int currDay = ltm->tm_mday;
      ^
make: *** [src/subdir.mk:26: src/Dates.o] Error 1
08:39:51 **** Incremental Build of configuration Debug for project IncapV2_0 ****
make all 
Building file: ../src/Dates.cpp
Invoking: Cygwin C++ Compiler
g++ -O0 -g3 -Wall -c -fmessage-length=0 -MMD -MP -MF"src/Dates.d" -MT"src/Dates.o" -o "src/Dates.o" "../src/Dates.cpp"
../src/Dates.cpp: In function 'void myDate()':
../src/Dates.cpp:23:6: warning: unused variable 'currDay' [-Wunused-variable]
  int currDay = ltm->tm_mday;
      ^
Finished building: ../src/Dates.cpp
 
Building file: ../src/Employee.cpp
Invoking: Cygwin C++ Compiler
g++ -O0 -g3 -Wall -c -fmessage-length=0 -MMD -MP -MF"src/Employee.d" -MT"src/Employee.o" -o "src/Employee.o" "../src/Employee.cpp"
Finished building: ../src/Employee.cpp
 
Building file: ../src/IncapV2_0.cpp
Invoking: Cygwin C++ Compiler
g++ -O0 -g3 -Wall -c -fmessage-length=0 -MMD -MP -MF"src/IncapV2_0.d" -MT"src/IncapV2_0.o" -o "src/IncapV2_0.o" "../src/IncapV2_0.cpp"
Finished building: ../src/IncapV2_0.cpp
 
Building target: IncapV2_0.exe
Invoking: Cygwin C++ Linker
g++  -o "IncapV2_0.exe"  ./src/Dates.o ./src/Employee.o ./src/IncapV2_0.o   
Finished building target: IncapV2_0.exe
 
08:40:14 **** Incremental Build of configuration Debug for project IncapV2_0 ****
make all 
Building file: ../src/Dates.cpp
Invoking: Cygwin C++ Compiler
g++ -O0 -g3 -Wall -c -fmessage-length=0 -MMD -MP -MF"src/Dates.d" -MT"src/Dates.o" -o "src/Dates.o" "../src/Dates.cpp"
Finished building: ../src/Dates.cpp
 
Building target: IncapV2_0.exe
Invoking: Cygwin C++ Linker
g++  -o "IncapV2_0.exe"  ./src/Dates.o ./src/Employee.o ./src/IncapV2_0.o   
Finished building target: IncapV2_0.exe
 
08:40:44 **** Incremental Build of configuration Debug for project IncapV2_0 ****
make all 
Building file: ../src/IncapV2_0.cpp
Invoking: Cygwin C++ Compiler
g++ -O0 -g3 -Wall -c -fmessage-length=0 -MMD -MP -MF"src/IncapV2_0.d" -MT"src/IncapV2_0.o" -o "src/IncapV2_0.o" "../src/IncapV2_0.cpp"
../src/IncapV2_0.cpp: In function 'int main()':
../src/IncapV2_0.cpp:17:9: error: 'myDate' was not declared in this scope
  myDate();
         ^
make: *** [src/subdir.mk:26: src/IncapV2_0.o] Error 1
08:41:20 **** Incremental Build of configuration Debug for project IncapV2_0 ****
make all 
Building file: ../src/IncapV2_0.cpp
Invoking: Cygwin C++ Compiler
g++ -O0 -g3 -Wall -c -fmessage-length=0 -MMD -MP -MF"src/IncapV2_0.d" -MT"src/IncapV2_0.o" -o "src/IncapV2_0.o" "../src/IncapV2_0.cpp"
../src/IncapV2_0.cpp: In function 'int main()':
../src/IncapV2_0.cpp:17:16: error: cannot call member function 'void Dates::myDate()' without object
  Dates::myDate();
                ^
make: *** [src/subdir.mk:26: src/IncapV2_0.o] Error 1
08:42:07 **** Incremental Build of configuration Debug for project IncapV2_0 ****
make all 
Building file: ../src/Dates.cpp
Invoking: Cygwin C++ Compiler
g++ -O0 -g3 -Wall -c -fmessage-length=0 -MMD -MP -MF"src/Dates.d" -MT"src/Dates.o" -o "src/Dates.o" "../src/Dates.cpp"
Finished building: ../src/Dates.cpp
 
Building file: ../src/IncapV2_0.cpp
Invoking: Cygwin C++ Compiler
g++ -O0 -g3 -Wall -c -fmessage-length=0 -MMD -MP -MF"src/IncapV2_0.d" -MT"src/IncapV2_0.o" -o "src/IncapV2_0.o" "../src/IncapV2_0.cpp"
Finished building: ../src/IncapV2_0.cpp
 
Building target: IncapV2_0.exe
Invoking: Cygwin C++ Linker
g++  -o "IncapV2_0.exe"  ./src/Dates.o ./src/Employee.o ./src/IncapV2_0.o   
Finished building target: IncapV2_0.exe
 
08:43:01 **** Incremental Build of configuration Debug for project IncapV2_0 ****
make all 
Building file: ../src/Dates.cpp
Invoking: Cygwin C++ Compiler
g++ -O0 -g3 -Wall -c -fmessage-length=0 -MMD -MP -MF"src/Dates.d" -MT"src/Dates.o" -o "src/Dates.o" "../src/Dates.cpp"
In file included from ../src/Dates.cpp:8:0:
../src/Dates.h:17:2: error: 'currYear' does not name a type
  currYear;
  ^
../src/Dates.h:18:2: error: 'currMonth' does not name a type
  currMonth;
  ^
../src/Dates.h:19:2: error: 'currDay' does not name a type
  currDay;
  ^
make: *** [src/subdir.mk:26: src/Dates.o] Error 1
08:43:16 **** Incremental Build of configuration Debug for project IncapV2_0 ****
make all 
Building file: ../src/Dates.cpp
Invoking: Cygwin C++ Compiler
g++ -O0 -g3 -Wall -c -fmessage-length=0 -MMD -MP -MF"src/Dates.d" -MT"src/Dates.o" -o "src/Dates.o" "../src/Dates.cpp"
Finished building: ../src/Dates.cpp
 
Building file: ../src/Employee.cpp
Invoking: Cygwin C++ Compiler
g++ -O0 -g3 -Wall -c -fmessage-length=0 -MMD -MP -MF"src/Employee.d" -MT"src/Employee.o" -o "src/Employee.o" "../src/Employee.cpp"
Finished building: ../src/Employee.cpp
 
Building file: ../src/IncapV2_0.cpp
Invoking: Cygwin C++ Compiler
g++ -O0 -g3 -Wall -c -fmessage-length=0 -MMD -MP -MF"src/IncapV2_0.d" -MT"src/IncapV2_0.o" -o "src/IncapV2_0.o" "../src/IncapV2_0.cpp"
Finished building: ../src/IncapV2_0.cpp
 
Building target: IncapV2_0.exe
Invoking: Cygwin C++ Linker
g++  -o "IncapV2_0.exe"  ./src/Dates.o ./src/Employee.o ./src/IncapV2_0.o   
Finished building target: IncapV2_0.exe
 
08:43:37 **** Incremental Build of configuration Debug for project IncapV2_0 ****
make all 
Building file: ../src/Dates.cpp
Invoking: Cygwin C++ Compiler
g++ -O0 -g3 -Wall -c -fmessage-length=0 -MMD -MP -MF"src/Dates.d" -MT"src/Dates.o" -o "src/Dates.o" "../src/Dates.cpp"
Finished building: ../src/Dates.cpp
 
Building target: IncapV2_0.exe
Invoking: Cygwin C++ Linker
g++  -o "IncapV2_0.exe"  ./src/Dates.o ./src/Employee.o ./src/IncapV2_0.o   
Finished building target: IncapV2_0.exe
 
08:45:54 **** Incremental Build of configuration Debug for project IncapV2_0 ****
make all 
Building file: ../src/Dates.cpp
Invoking: Cygwin C++ Compiler
g++ -O0 -g3 -Wall -c -fmessage-length=0 -MMD -MP -MF"src/Dates.d" -MT"src/Dates.o" -o "src/Dates.o" "../src/Dates.cpp"
Finished building: ../src/Dates.cpp
 
Building file: ../src/Employee.cpp
Invoking: Cygwin C++ Compiler
g++ -O0 -g3 -Wall -c -fmessage-length=0 -MMD -MP -MF"src/Employee.d" -MT"src/Employee.o" -o "src/Employee.o" "../src/Employee.cpp"
Finished building: ../src/Employee.cpp
 
Building file: ../src/IncapV2_0.cpp
Invoking: Cygwin C++ Compiler
g++ -O0 -g3 -Wall -c -fmessage-length=0 -MMD -MP -MF"src/IncapV2_0.d" -MT"src/IncapV2_0.o" -o "src/IncapV2_0.o" "../src/IncapV2_0.cpp"
Finished building: ../src/IncapV2_0.cpp
 
Building target: IncapV2_0.exe
Invoking: Cygwin C++ Linker
g++  -o "IncapV2_0.exe"  ./src/Dates.o ./src/Employee.o ./src/IncapV2_0.o   
Finished building target: IncapV2_0.exe
 
08:46:24 **** Incremental Build of configuration Debug for project IncapV2_0 ****
make all 
Building file: ../src/Dates.cpp
Invoking: Cygwin C++ Compiler
g++ -O0 -g3 -Wall -c -fmessage-length=0 -MMD -MP -MF"src/Dates.d" -MT"src/Dates.o" -o "src/Dates.o" "../src/Dates.cpp"
Finished building: ../src/Dates.cpp
 
Building target: IncapV2_0.exe
Invoking: Cygwin C++ Linker
g++  -o "IncapV2_0.exe"  ./src/Dates.o ./src/Employee.o ./src/IncapV2_0.o   
Finished building target: IncapV2_0.exe
 
08:48:24 **** Incremental Build of configuration Debug for project IncapV2_0 ****
make all 
Building file: ../src/Dates.cpp
Invoking: Cygwin C++ Compiler
g++ -O0 -g3 -Wall -c -fmessage-length=0 -MMD -MP -MF"src/Dates.d" -MT"src/Dates.o" -o "src/Dates.o" "../src/Dates.cpp"
../src/Dates.cpp: In member function 'void Dates::getUserDate()':
../src/Dates.cpp:29:9: error: 'date' was not declared in this scope
  cin >> date[0];
         ^
make: *** [src/subdir.mk:26: src/Dates.o] Error 1
08:49:04 **** Incremental Build of configuration Debug for project IncapV2_0 ****
make all 
Building file: ../src/Dates.cpp
Invoking: Cygwin C++ Compiler
g++ -O0 -g3 -Wall -c -fmessage-length=0 -MMD -MP -MF"src/Dates.d" -MT"src/Dates.o" -o "src/Dates.o" "../src/Dates.cpp"
Finished building: ../src/Dates.cpp
 
Building file: ../src/Employee.cpp
Invoking: Cygwin C++ Compiler
g++ -O0 -g3 -Wall -c -fmessage-length=0 -MMD -MP -MF"src/Employee.d" -MT"src/Employee.o" -o "src/Employee.o" "../src/Employee.cpp"
Finished building: ../src/Employee.cpp
 
Building file: ../src/IncapV2_0.cpp
Invoking: Cygwin C++ Compiler
g++ -O0 -g3 -Wall -c -fmessage-length=0 -MMD -MP -MF"src/IncapV2_0.d" -MT"src/IncapV2_0.o" -o "src/IncapV2_0.o" "../src/IncapV2_0.cpp"
Finished building: ../src/IncapV2_0.cpp
 
Building target: IncapV2_0.exe
Invoking: Cygwin C++ Linker
g++  -o "IncapV2_0.exe"  ./src/Dates.o ./src/Employee.o ./src/IncapV2_0.o   
Finished building target: IncapV2_0.exe
 
08:50:00 **** Incremental Build of configuration Debug for project IncapV2_0 ****
make all 
Building file: ../src/IncapV2_0.cpp
Invoking: Cygwin C++ Compiler
g++ -O0 -g3 -Wall -c -fmessage-length=0 -MMD -MP -MF"src/IncapV2_0.d" -MT"src/IncapV2_0.o" -o "src/IncapV2_0.o" "../src/IncapV2_0.cpp"
In file included from ../src/IncapV2_0.cpp:11:0:
../src/Dates.h: In function 'int main()':
../src/Dates.h:19:6: error: 'int Dates::currYear' is private
  int currYear;
      ^
../src/IncapV2_0.cpp:21:23: error: within this context
  cout << fechaInicial.currYear << endl;
                       ^
make: *** [src/subdir.mk:26: src/IncapV2_0.o] Error 1
08:50:23 **** Incremental Build of configuration Debug for project IncapV2_0 ****
make all 
Building file: ../src/IncapV2_0.cpp
Invoking: Cygwin C++ Compiler
g++ -O0 -g3 -Wall -c -fmessage-length=0 -MMD -MP -MF"src/IncapV2_0.d" -MT"src/IncapV2_0.o" -o "src/IncapV2_0.o" "../src/IncapV2_0.cpp"
Finished building: ../src/IncapV2_0.cpp
 
Building target: IncapV2_0.exe
Invoking: Cygwin C++ Linker
g++  -o "IncapV2_0.exe"  ./src/Dates.o ./src/Employee.o ./src/IncapV2_0.o   
Finished building target: IncapV2_0.exe
 
08:52:44 **** Incremental Build of configuration Debug for project IncapV2_0 ****
make all 
Building file: ../src/Dates.cpp
Invoking: Cygwin C++ Compiler
g++ -O0 -g3 -Wall -c -fmessage-length=0 -MMD -MP -MF"src/Dates.d" -MT"src/Dates.o" -o "src/Dates.o" "../src/Dates.cpp"
../src/Dates.cpp: In member function 'bool Dates::checkFormat()':
../src/Dates.cpp:38:93: error: 'future' was not declared in this scope
  if ((date[0]<=0 || date[0] >31) || ((date[1]<=0||date[1]>12)) || ((date[2]<2000 || date[2]>future))){
                                                                                             ^
make: *** [src/subdir.mk:26: src/Dates.o] Error 1
08:53:26 **** Incremental Build of configuration Debug for project IncapV2_0 ****
make all 
Building file: ../src/Dates.cpp
Invoking: Cygwin C++ Compiler
g++ -O0 -g3 -Wall -c -fmessage-length=0 -MMD -MP -MF"src/Dates.d" -MT"src/Dates.o" -o "src/Dates.o" "../src/Dates.cpp"
Finished building: ../src/Dates.cpp
 
Building file: ../src/Employee.cpp
Invoking: Cygwin C++ Compiler
g++ -O0 -g3 -Wall -c -fmessage-length=0 -MMD -MP -MF"src/Employee.d" -MT"src/Employee.o" -o "src/Employee.o" "../src/Employee.cpp"
Finished building: ../src/Employee.cpp
 
Building file: ../src/IncapV2_0.cpp
Invoking: Cygwin C++ Compiler
g++ -O0 -g3 -Wall -c -fmessage-length=0 -MMD -MP -MF"src/IncapV2_0.d" -MT"src/IncapV2_0.o" -o "src/IncapV2_0.o" "../src/IncapV2_0.cpp"
Finished building: ../src/IncapV2_0.cpp
 
Building target: IncapV2_0.exe
Invoking: Cygwin C++ Linker
g++  -o "IncapV2_0.exe"  ./src/Dates.o ./src/Employee.o ./src/IncapV2_0.o   
Finished building target: IncapV2_0.exe
 
08:55:22 **** Incremental Build of configuration Debug for project IncapV2_0 ****
make all 
Building file: ../src/Dates.cpp
Invoking: Cygwin C++ Compiler
g++ -O0 -g3 -Wall -c -fmessage-length=0 -MMD -MP -MF"src/Dates.d" -MT"src/Dates.o" -o "src/Dates.o" "../src/Dates.cpp"
Finished building: ../src/Dates.cpp
 
Building file: ../src/Employee.cpp
Invoking: Cygwin C++ Compiler
g++ -O0 -g3 -Wall -c -fmessage-length=0 -MMD -MP -MF"src/Employee.d" -MT"src/Employee.o" -o "src/Employee.o" "../src/Employee.cpp"
Finished building: ../src/Employee.cpp
 
Building file: ../src/IncapV2_0.cpp
Invoking: Cygwin C++ Compiler
g++ -O0 -g3 -Wall -c -fmessage-length=0 -MMD -MP -MF"src/IncapV2_0.d" -MT"src/IncapV2_0.o" -o "src/IncapV2_0.o" "../src/IncapV2_0.cpp"
Finished building: ../src/IncapV2_0.cpp
 
Building target: IncapV2_0.exe
Invoking: Cygwin C++ Linker
g++  -o "IncapV2_0.exe"  ./src/Dates.o ./src/Employee.o ./src/IncapV2_0.o   
Finished building target: IncapV2_0.exe
 
08:57:22 **** Incremental Build of configuration Debug for project IncapV2_0 ****
make all 
Building file: ../src/Dates.cpp
Invoking: Cygwin C++ Compiler
g++ -O0 -g3 -Wall -c -fmessage-length=0 -MMD -MP -MF"src/Dates.d" -MT"src/Dates.o" -o "src/Dates.o" "../src/Dates.cpp"
In file included from ../src/Dates.cpp:8:0:
../src/Dates.h:32:23: error: expected ';' at end of member declaration
  int findMaxDaysMonth()
                       ^
make: *** [src/subdir.mk:26: src/Dates.o] Error 1
08:57:31 **** Incremental Build of configuration Debug for project IncapV2_0 ****
make all 
Building file: ../src/Dates.cpp
Invoking: Cygwin C++ Compiler
g++ -O0 -g3 -Wall -c -fmessage-length=0 -MMD -MP -MF"src/Dates.d" -MT"src/Dates.o" -o "src/Dates.o" "../src/Dates.cpp"
Finished building: ../src/Dates.cpp
 
Building file: ../src/Employee.cpp
Invoking: Cygwin C++ Compiler
g++ -O0 -g3 -Wall -c -fmessage-length=0 -MMD -MP -MF"src/Employee.d" -MT"src/Employee.o" -o "src/Employee.o" "../src/Employee.cpp"
Finished building: ../src/Employee.cpp
 
Building file: ../src/IncapV2_0.cpp
Invoking: Cygwin C++ Compiler
g++ -O0 -g3 -Wall -c -fmessage-length=0 -MMD -MP -MF"src/IncapV2_0.d" -MT"src/IncapV2_0.o" -o "src/IncapV2_0.o" "../src/IncapV2_0.cpp"
Finished building: ../src/IncapV2_0.cpp
 
Building target: IncapV2_0.exe
Invoking: Cygwin C++ Linker
g++  -o "IncapV2_0.exe"  ./src/Dates.o ./src/Employee.o ./src/IncapV2_0.o   
Finished building target: IncapV2_0.exe
 
08:58:27 **** Incremental Build of configuration Debug for project IncapV2_0 ****
make all 
Building file: ../src/Dates.cpp
Invoking: Cygwin C++ Compiler
g++ -O0 -g3 -Wall -c -fmessage-length=0 -MMD -MP -MF"src/Dates.d" -MT"src/Dates.o" -o "src/Dates.o" "../src/Dates.cpp"
../src/Dates.cpp:70:27: error: no 'bool Dates::avoidFutDates()' member function declared in class 'Dates'
 bool Dates::avoidFutDates(){
                           ^
make: *** [src/subdir.mk:26: src/Dates.o] Error 1
08:58:42 **** Incremental Build of configuration Debug for project IncapV2_0 ****
make all 
Building file: ../src/Dates.cpp
Invoking: Cygwin C++ Compiler
g++ -O0 -g3 -Wall -c -fmessage-length=0 -MMD -MP -MF"src/Dates.d" -MT"src/Dates.o" -o "src/Dates.o" "../src/Dates.cpp"
../src/Dates.cpp: In member function 'bool Dates::avoidFutDates()':
../src/Dates.cpp:74:32: error: 'matchYearMonth' was not declared in this scope
   } else if (((!matchYearMonth()) & (date[0]>currDay))){
                                ^
make: *** [src/subdir.mk:26: src/Dates.o] Error 1
09:00:18 **** Incremental Build of configuration Debug for project IncapV2_0 ****
make all 
Building file: ../src/Dates.cpp
Invoking: Cygwin C++ Compiler
g++ -O0 -g3 -Wall -c -fmessage-length=0 -MMD -MP -MF"src/Dates.d" -MT"src/Dates.o" -o "src/Dates.o" "../src/Dates.cpp"
../src/Dates.cpp:70:6: error: 'Fechas' has not been declared
 bool Fechas::matchYearMonth(){
      ^
../src/Dates.cpp: In function 'bool matchYearMonth()':
../src/Dates.cpp:71:2: error: 'ymMatch' was not declared in this scope
  ymMatch = true;
  ^
../src/Dates.cpp:72:7: error: 'date' was not declared in this scope
  if ((date[2]==currYear) & (date[1]==currMonth)){
       ^
../src/Dates.cpp:72:16: error: 'currYear' was not declared in this scope
  if ((date[2]==currYear) & (date[1]==currMonth)){
                ^
../src/Dates.cpp:72:38: error: 'currMonth' was not declared in this scope
  if ((date[2]==currYear) & (date[1]==currMonth)){
                                      ^
make: *** [src/subdir.mk:26: src/Dates.o] Error 1
09:00:49 **** Incremental Build of configuration Debug for project IncapV2_0 ****
make all 
Building file: ../src/Dates.cpp
Invoking: Cygwin C++ Compiler
g++ -O0 -g3 -Wall -c -fmessage-length=0 -MMD -MP -MF"src/Dates.d" -MT"src/Dates.o" -o "src/Dates.o" "../src/Dates.cpp"
Finished building: ../src/Dates.cpp
 
Building file: ../src/Employee.cpp
Invoking: Cygwin C++ Compiler
g++ -O0 -g3 -Wall -c -fmessage-length=0 -MMD -MP -MF"src/Employee.d" -MT"src/Employee.o" -o "src/Employee.o" "../src/Employee.cpp"
Finished building: ../src/Employee.cpp
 
Building file: ../src/IncapV2_0.cpp
Invoking: Cygwin C++ Compiler
g++ -O0 -g3 -Wall -c -fmessage-length=0 -MMD -MP -MF"src/IncapV2_0.d" -MT"src/IncapV2_0.o" -o "src/IncapV2_0.o" "../src/IncapV2_0.cpp"
Finished building: ../src/IncapV2_0.cpp
 
Building target: IncapV2_0.exe
Invoking: Cygwin C++ Linker
g++  -o "IncapV2_0.exe"  ./src/Dates.o ./src/Employee.o ./src/IncapV2_0.o   
Finished building target: IncapV2_0.exe
 
09:02:37 **** Incremental Build of configuration Debug for project IncapV2_0 ****
make all 
Building file: ../src/Dates.cpp
Invoking: Cygwin C++ Compiler
g++ -O0 -g3 -Wall -c -fmessage-length=0 -MMD -MP -MF"src/Dates.d" -MT"src/Dates.o" -o "src/Dates.o" "../src/Dates.cpp"
Finished building: ../src/Dates.cpp
 
Building file: ../src/Employee.cpp
Invoking: Cygwin C++ Compiler
g++ -O0 -g3 -Wall -c -fmessage-length=0 -MMD -MP -MF"src/Employee.d" -MT"src/Employee.o" -o "src/Employee.o" "../src/Employee.cpp"
Finished building: ../src/Employee.cpp
 
Building file: ../src/IncapV2_0.cpp
Invoking: Cygwin C++ Compiler
g++ -O0 -g3 -Wall -c -fmessage-length=0 -MMD -MP -MF"src/IncapV2_0.d" -MT"src/IncapV2_0.o" -o "src/IncapV2_0.o" "../src/IncapV2_0.cpp"
Finished building: ../src/IncapV2_0.cpp
 
Building target: IncapV2_0.exe
Invoking: Cygwin C++ Linker
g++  -o "IncapV2_0.exe"  ./src/Dates.o ./src/Employee.o ./src/IncapV2_0.o   
Finished building target: IncapV2_0.exe
 
09:03:07 **** Incremental Build of configuration Debug for project IncapV2_0 ****
make all 
Building file: ../src/IncapV2_0.cpp
Invoking: Cygwin C++ Compiler
g++ -O0 -g3 -Wall -c -fmessage-length=0 -MMD -MP -MF"src/IncapV2_0.d" -MT"src/IncapV2_0.o" -o "src/IncapV2_0.o" "../src/IncapV2_0.cpp"
Finished building: ../src/IncapV2_0.cpp
 
Building target: IncapV2_0.exe
Invoking: Cygwin C++ Linker
g++  -o "IncapV2_0.exe"  ./src/Dates.o ./src/Employee.o ./src/IncapV2_0.o   
Finished building target: IncapV2_0.exe
 
09:04:55 **** Incremental Build of configuration Debug for project IncapV2_0 ****
make all 
Building file: ../src/IncapV2_0.cpp
Invoking: Cygwin C++ Compiler
g++ -O0 -g3 -Wall -c -fmessage-length=0 -MMD -MP -MF"src/IncapV2_0.d" -MT"src/IncapV2_0.o" -o "src/IncapV2_0.o" "../src/IncapV2_0.cpp"
Finished building: ../src/IncapV2_0.cpp
 
Building target: IncapV2_0.exe
Invoking: Cygwin C++ Linker
g++  -o "IncapV2_0.exe"  ./src/Dates.o ./src/Employee.o ./src/IncapV2_0.o   
Finished building target: IncapV2_0.exe
 
09:45:40 **** Incremental Build of configuration Debug for project IncapV2_0 ****
make all 
Building file: ../src/Dates.cpp
Invoking: Cygwin C++ Compiler
g++ -O0 -g3 -Wall -c -fmessage-length=0 -MMD -MP -MF"src/Dates.d" -MT"src/Dates.o" -o "src/Dates.o" "../src/Dates.cpp"
../src/Dates.cpp: In member function 'tm Dates::capturaFecha(int, int, int)':
../src/Dates.cpp:104:10: warning: extended initializer lists only available with -std=c++11 or -std=gnu++11
    tm tm {0};
          ^
Finished building: ../src/Dates.cpp
 
Building file: ../src/Employee.cpp
Invoking: Cygwin C++ Compiler
g++ -O0 -g3 -Wall -c -fmessage-length=0 -MMD -MP -MF"src/Employee.d" -MT"src/Employee.o" -o "src/Employee.o" "../src/Employee.cpp"
Finished building: ../src/Employee.cpp
 
Building file: ../src/IncapV2_0.cpp
Invoking: Cygwin C++ Compiler
g++ -O0 -g3 -Wall -c -fmessage-length=0 -MMD -MP -MF"src/IncapV2_0.d" -MT"src/IncapV2_0.o" -o "src/IncapV2_0.o" "../src/IncapV2_0.cpp"
Finished building: ../src/IncapV2_0.cpp
 
Building target: IncapV2_0.exe
Invoking: Cygwin C++ Linker
g++  -o "IncapV2_0.exe"  ./src/Dates.o ./src/Employee.o ./src/IncapV2_0.o   
Finished building target: IncapV2_0.exe
 
09:46:11 **** Incremental Build of configuration Debug for project IncapV2_0 ****
make all 
Building file: ../src/Dates.cpp
Invoking: Cygwin C++ Compiler
g++ -O0 -g3 -Wall -c -fmessage-length=0 -MMD -MP -MF"src/Dates.d" -MT"src/Dates.o" -o "src/Dates.o" "../src/Dates.cpp"
../src/Dates.cpp: In member function 'tm Dates::capturaFecha(int, int, int)':
../src/Dates.cpp:104:11: error: conversion from 'int' to non-scalar type 'tm' requested
    tm tm =0;
           ^
make: *** [src/subdir.mk:26: src/Dates.o] Error 1
09:46:24 **** Incremental Build of configuration Debug for project IncapV2_0 ****
make all 
Building file: ../src/Dates.cpp
Invoking: Cygwin C++ Compiler
g++ -O0 -g3 -Wall -c -fmessage-length=0 -MMD -MP -MF"src/Dates.d" -MT"src/Dates.o" -o "src/Dates.o" "../src/Dates.cpp"
../src/Dates.cpp: In member function 'tm Dates::capturaFecha(int, int, int)':
../src/Dates.cpp:104:10: warning: extended initializer lists only available with -std=c++11 or -std=gnu++11
    tm tm {0};
          ^
Finished building: ../src/Dates.cpp
 
Building target: IncapV2_0.exe
Invoking: Cygwin C++ Linker
g++  -o "IncapV2_0.exe"  ./src/Dates.o ./src/Employee.o ./src/IncapV2_0.o   
Finished building target: IncapV2_0.exe
 
12:09:38 **** Incremental Build of configuration Debug for project IncapV2_0 ****
make all 
Building file: ../src/Dates.cpp
Invoking: Cygwin C++ Compiler
g++ -O0 -g3 -Wall -c -fmessage-length=0 -MMD -MP -MF"src/Dates.d" -MT"src/Dates.o" -o "src/Dates.o" "../src/Dates.cpp"
../src/Dates.cpp:89:5: error: prototype for 'int Dates::validateDate()' does not match any in class 'Dates'
 int Dates::validateDate(){
     ^
In file included from ../src/Dates.cpp:8:0:
../src/Dates.h:38:7: error: candidate is: void Dates::validateDate()
  void validateDate();
       ^
../src/Dates.cpp: In member function 'tm Dates::capturaFecha(int, int, int)':
../src/Dates.cpp:105:10: warning: extended initializer lists only available with -std=c++11 or -std=gnu++11
    tm tm {0};
          ^
make: *** [src/subdir.mk:26: src/Dates.o] Error 1
12:09:44 **** Incremental Build of configuration Debug for project IncapV2_0 ****
make all 
Building file: ../src/Dates.cpp
Invoking: Cygwin C++ Compiler
g++ -O0 -g3 -Wall -c -fmessage-length=0 -MMD -MP -MF"src/Dates.d" -MT"src/Dates.o" -o "src/Dates.o" "../src/Dates.cpp"
../src/Dates.cpp:89:5: error: prototype for 'int Dates::validateDate()' does not match any in class 'Dates'
 int Dates::validateDate(){
     ^
In file included from ../src/Dates.cpp:8:0:
../src/Dates.h:38:7: error: candidate is: void Dates::validateDate()
  void validateDate();
       ^
../src/Dates.cpp: In member function 'tm Dates::capturaFecha(int, int, int)':
../src/Dates.cpp:105:10: warning: extended initializer lists only available with -std=c++11 or -std=gnu++11
    tm tm {0};
          ^
make: *** [src/subdir.mk:26: src/Dates.o] Error 1
12:10:34 **** Incremental Build of configuration Debug for project IncapV2_0 ****
make all 
Building file: ../src/Dates.cpp
Invoking: Cygwin C++ Compiler
g++ -O0 -g3 -Wall -c -fmessage-length=0 -MMD -MP -MF"src/Dates.d" -MT"src/Dates.o" -o "src/Dates.o" "../src/Dates.cpp"
../src/Dates.cpp: In member function 'tm Dates::capturaFecha(int, int, int)':
../src/Dates.cpp:105:10: warning: extended initializer lists only available with -std=c++11 or -std=gnu++11
    tm tm {0};
          ^
Finished building: ../src/Dates.cpp
 
Building file: ../src/Employee.cpp
Invoking: Cygwin C++ Compiler
g++ -O0 -g3 -Wall -c -fmessage-length=0 -MMD -MP -MF"src/Employee.d" -MT"src/Employee.o" -o "src/Employee.o" "../src/Employee.cpp"
Finished building: ../src/Employee.cpp
 
Building file: ../src/IncapV2_0.cpp
Invoking: Cygwin C++ Compiler
g++ -O0 -g3 -Wall -c -fmessage-length=0 -MMD -MP -MF"src/IncapV2_0.d" -MT"src/IncapV2_0.o" -o "src/IncapV2_0.o" "../src/IncapV2_0.cpp"
Finished building: ../src/IncapV2_0.cpp
 
Building target: IncapV2_0.exe
Invoking: Cygwin C++ Linker
g++  -o "IncapV2_0.exe"  ./src/Dates.o ./src/Employee.o ./src/IncapV2_0.o   
Finished building target: IncapV2_0.exe
 
12:11:42 **** Incremental Build of configuration Debug for project IncapV2_0 ****
make all 
Building file: ../src/Dates.cpp
Invoking: Cygwin C++ Compiler
g++ -std=c++11 -O0 -g3 -Wall -c -fmessage-length=0 -MMD -MP -MF"src/Dates.d" -MT"src/Dates.o" -o "src/Dates.o" "../src/Dates.cpp"
Finished building: ../src/Dates.cpp
 
Building file: ../src/Employee.cpp
Invoking: Cygwin C++ Compiler
g++ -std=c++11 -O0 -g3 -Wall -c -fmessage-length=0 -MMD -MP -MF"src/Employee.d" -MT"src/Employee.o" -o "src/Employee.o" "../src/Employee.cpp"
Finished building: ../src/Employee.cpp
 
Building file: ../src/IncapV2_0.cpp
Invoking: Cygwin C++ Compiler
g++ -std=c++11 -O0 -g3 -Wall -c -fmessage-length=0 -MMD -MP -MF"src/IncapV2_0.d" -MT"src/IncapV2_0.o" -o "src/IncapV2_0.o" "../src/IncapV2_0.cpp"
Finished building: ../src/IncapV2_0.cpp
 
Building target: IncapV2_0.exe
Invoking: Cygwin C++ Linker
g++  -o "IncapV2_0.exe"  ./src/Dates.o ./src/Employee.o ./src/IncapV2_0.o   
Finished building target: IncapV2_0.exe
 
12:13:01 **** Incremental Build of configuration Debug for project IncapV2_0 ****
make all 
Building file: ../src/Dates.cpp
Invoking: Cygwin C++ Compiler
g++ -std=c++11 -O0 -g3 -Wall -c -fmessage-length=0 -MMD -MP -MF"src/Dates.d" -MT"src/Dates.o" -o "src/Dates.o" "../src/Dates.cpp"
Finished building: ../src/Dates.cpp
 
Building file: ../src/Employee.cpp
Invoking: Cygwin C++ Compiler
g++ -std=c++11 -O0 -g3 -Wall -c -fmessage-length=0 -MMD -MP -MF"src/Employee.d" -MT"src/Employee.o" -o "src/Employee.o" "../src/Employee.cpp"
Finished building: ../src/Employee.cpp
 
Building file: ../src/IncapV2_0.cpp
Invoking: Cygwin C++ Compiler
g++ -std=c++11 -O0 -g3 -Wall -c -fmessage-length=0 -MMD -MP -MF"src/IncapV2_0.d" -MT"src/IncapV2_0.o" -o "src/IncapV2_0.o" "../src/IncapV2_0.cpp"
Finished building: ../src/IncapV2_0.cpp
 
Building target: IncapV2_0.exe
Invoking: Cygwin C++ Linker
g++  -o "IncapV2_0.exe"  ./src/Dates.o ./src/Employee.o ./src/IncapV2_0.o   
Finished building target: IncapV2_0.exe
 
12:13:29 **** Incremental Build of configuration Debug for project IncapV2_0 ****
make all 
Building file: ../src/IncapV2_0.cpp
Invoking: Cygwin C++ Compiler
g++ -std=c++11 -O0 -g3 -Wall -c -fmessage-length=0 -MMD -MP -MF"src/IncapV2_0.d" -MT"src/IncapV2_0.o" -o "src/IncapV2_0.o" "../src/IncapV2_0.cpp"
Finished building: ../src/IncapV2_0.cpp
 
Building target: IncapV2_0.exe
Invoking: Cygwin C++ Linker
g++  -o "IncapV2_0.exe"  ./src/Dates.o ./src/Employee.o ./src/IncapV2_0.o   
Finished building target: IncapV2_0.exe
 
12:13:52 **** Incremental Build of configuration Debug for project IncapV2_0 ****
make all 
Building file: ../src/IncapV2_0.cpp
Invoking: Cygwin C++ Compiler
g++ -std=c++11 -O0 -g3 -Wall -c -fmessage-length=0 -MMD -MP -MF"src/IncapV2_0.d" -MT"src/IncapV2_0.o" -o "src/IncapV2_0.o" "../src/IncapV2_0.cpp"
../src/IncapV2_0.cpp: In function 'int main()':
../src/IncapV2_0.cpp:22:7: error: no match for 'operator<<' (operand types are 'std::ostream {aka std::basic_ostream<char>}' and 'tm')
  cout << fechaInicial.capturaFecha() << endl;
       ^
In file included from /usr/lib/gcc/x86_64-pc-cygwin/5.4.0/include/c++/iostream:39:0,
                 from ../src/IncapV2_0.cpp:9:
/usr/lib/gcc/x86_64-pc-cygwin/5.4.0/include/c++/ostream:108:7: note: candidate: std::basic_ostream<_CharT, _Traits>::__ostream_type& std::basic_ostream<_CharT, _Traits>::operator<<(std::basic_ostream<_CharT, _Traits>::__ostream_type& (*)(std::basic_ostream<_CharT, _Traits>::__ostream_type&)) [with _CharT = char; _Traits = std::char_traits<char>; std::basic_ostream<_CharT, _Traits>::__ostream_type = std::basic_ostream<char>]
       operator<<(__ostream_type& (*__pf)(__ostream_type&))
       ^
/usr/lib/gcc/x86_64-pc-cygwin/5.4.0/include/c++/ostream:108:7: note:   no known conversion for argument 1 from 'tm' to 'std::basic_ostream<char>::__ostream_type& (*)(std::basic_ostream<char>::__ostream_type&) {aka std::basic_ostream<char>& (*)(std::basic_ostream<char>&)}'
/usr/lib/gcc/x86_64-pc-cygwin/5.4.0/include/c++/ostream:117:7: note: candidate: std::basic_ostream<_CharT, _Traits>::__ostream_type& std::basic_ostream<_CharT, _Traits>::operator<<(std::basic_ostream<_CharT, _Traits>::__ios_type& (*)(std::basic_ostream<_CharT, _Traits>::__ios_type&)) [with _CharT = char; _Traits = std::char_traits<char>; std::basic_ostream<_CharT, _Traits>::__ostream_type = std::basic_ostream<char>; std::basic_ostream<_CharT, _Traits>::__ios_type = std::basic_ios<char>]
       operator<<(__ios_type& (*__pf)(__ios_type&))
       ^
/usr/lib/gcc/x86_64-pc-cygwin/5.4.0/include/c++/ostream:117:7: note:   no known conversion for argument 1 from 'tm' to 'std::basic_ostream<char>::__ios_type& (*)(std::basic_ostream<char>::__ios_type&) {aka std::basic_ios<char>& (*)(std::basic_ios<char>&)}'
/usr/lib/gcc/x86_64-pc-cygwin/5.4.0/include/c++/ostream:127:7: note: candidate: std::basic_ostream<_CharT, _Traits>::__ostream_type& std::basic_ostream<_CharT, _Traits>::operator<<(std::ios_base& (*)(std::ios_base&)) [with _CharT = char; _Traits = std::char_traits<char>; std::basic_ostream<_CharT, _Traits>::__ostream_type = std::basic_ostream<char>]
       operator<<(ios_base& (*__pf) (ios_base&))
       ^
/usr/lib/gcc/x86_64-pc-cygwin/5.4.0/include/c++/ostream:127:7: note:   no known conversion for argument 1 from 'tm' to 'std::ios_base& (*)(std::ios_base&)'
/usr/lib/gcc/x86_64-pc-cygwin/5.4.0/include/c++/ostream:166:7: note: candidate: std::basic_ostream<_CharT, _Traits>::__ostream_type& std::basic_ostream<_CharT, _Traits>::operator<<(long int) [with _CharT = char; _Traits = std::char_traits<char>; std::basic_ostream<_CharT, _Traits>::__ostream_type = std::basic_ostream<char>]
       operator<<(long __n)
       ^
/usr/lib/gcc/x86_64-pc-cygwin/5.4.0/include/c++/ostream:166:7: note:   no known conversion for argument 1 from 'tm' to 'long int'
/usr/lib/gcc/x86_64-pc-cygwin/5.4.0/include/c++/ostream:170:7: note: candidate: std::basic_ostream<_CharT, _Traits>::__ostream_type& std::basic_ostream<_CharT, _Traits>::operator<<(long unsigned int) [with _CharT = char; _Traits = std::char_traits<char>; std::basic_ostream<_CharT, _Traits>::__ostream_type = std::basic_ostream<char>]
       operator<<(unsigned long __n)
       ^
/usr/lib/gcc/x86_64-pc-cygwin/5.4.0/include/c++/ostream:170:7: note:   no known conversion for argument 1 from 'tm' to 'long unsigned int'
/usr/lib/gcc/x86_64-pc-cygwin/5.4.0/include/c++/ostream:174:7: note: candidate: std::basic_ostream<_CharT, _Traits>::__ostream_type& std::basic_ostream<_CharT, _Traits>::operator<<(bool) [with _CharT = char; _Traits = std::char_traits<char>; std::basic_ostream<_CharT, _Traits>::__ostream_type = std::basic_ostream<char>]
       operator<<(bool __n)
       ^
/usr/lib/gcc/x86_64-pc-cygwin/5.4.0/include/c++/ostream:174:7: note:   no known conversion for argument 1 from 'tm' to 'bool'
In file included from /usr/lib/gcc/x86_64-pc-cygwin/5.4.0/include/c++/ostream:638:0,
                 from /usr/lib/gcc/x86_64-pc-cygwin/5.4.0/include/c++/iostream:39,
                 from ../src/IncapV2_0.cpp:9:
/usr/lib/gcc/x86_64-pc-cygwin/5.4.0/include/c++/bits/ostream.tcc:91:5: note: candidate: std::basic_ostream<_CharT, _Traits>& std::basic_ostream<_CharT, _Traits>::operator<<(short int) [with _CharT = char; _Traits = std::char_traits<char>]
     basic_ostream<_CharT, _Traits>::
     ^
/usr/lib/gcc/x86_64-pc-cygwin/5.4.0/include/c++/bits/ostream.tcc:91:5: note:   no known conversion for argument 1 from 'tm' to 'short int'
In file included from /usr/lib/gcc/x86_64-pc-cygwin/5.4.0/include/c++/iostream:39:0,
                 from ../src/IncapV2_0.cpp:9:
/usr/lib/gcc/x86_64-pc-cygwin/5.4.0/include/c++/ostream:181:7: note: candidate: std::basic_ostream<_CharT, _Traits>::__ostream_type& std::basic_ostream<_CharT, _Traits>::operator<<(short unsigned int) [with _CharT = char; _Traits = std::char_traits<char>; std::basic_ostream<_CharT, _Traits>::__ostream_type = std::basic_ostream<char>]
       operator<<(unsigned short __n)
       ^
/usr/lib/gcc/x86_64-pc-cygwin/5.4.0/include/c++/ostream:181:7: note:   no known conversion for argument 1 from 'tm' to 'short unsigned int'
In file included from /usr/lib/gcc/x86_64-pc-cygwin/5.4.0/include/c++/ostream:638:0,
                 from /usr/lib/gcc/x86_64-pc-cygwin/5.4.0/include/c++/iostream:39,
                 from ../src/IncapV2_0.cpp:9:
/usr/lib/gcc/x86_64-pc-cygwin/5.4.0/include/c++/bits/ostream.tcc:105:5: note: candidate: std::basic_ostream<_CharT, _Traits>& std::basic_ostream<_CharT, _Traits>::operator<<(int) [with _CharT = char; _Traits = std::char_traits<char>]
     basic_ostream<_CharT, _Traits>::
     ^
/usr/lib/gcc/x86_64-pc-cygwin/5.4.0/include/c++/bits/ostream.tcc:105:5: note:   no known conversion for argument 1 from 'tm' to 'int'
In file included from /usr/lib/gcc/x86_64-pc-cygwin/5.4.0/include/c++/iostream:39:0,
                 from ../src/IncapV2_0.cpp:9:
/usr/lib/gcc/x86_64-pc-cygwin/5.4.0/include/c++/ostream:192:7: note: candidate: std::basic_ostream<_CharT, _Traits>::__ostream_type& std::basic_ostream<_CharT, _Traits>::operator<<(unsigned int) [with _CharT = char; _Traits = std::char_traits<char>; std::basic_ostream<_CharT, _Traits>::__ostream_type = std::basic_ostream<char>]
       operator<<(unsigned int __n)
       ^
/usr/lib/gcc/x86_64-pc-cygwin/5.4.0/include/c++/ostream:192:7: note:   no known conversion for argument 1 from 'tm' to 'unsigned int'
/usr/lib/gcc/x86_64-pc-cygwin/5.4.0/include/c++/ostream:201:7: note: candidate: std::basic_ostream<_CharT, _Traits>::__ostream_type& std::basic_ostream<_CharT, _Traits>::operator<<(long long int) [with _CharT = char; _Traits = std::char_traits<char>; std::basic_ostream<_CharT, _Traits>::__ostream_type = std::basic_ostream<char>]
       operator<<(long long __n)
       ^
/usr/lib/gcc/x86_64-pc-cygwin/5.4.0/include/c++/ostream:201:7: note:   no known conversion for argument 1 from 'tm' to 'long long int'
/usr/lib/gcc/x86_64-pc-cygwin/5.4.0/include/c++/ostream:205:7: note: candidate: std::basic_ostream<_CharT, _Traits>::__ostream_type& std::basic_ostream<_CharT, _Traits>::operator<<(long long unsigned int) [with _CharT = char; _Traits = std::char_traits<char>; std::basic_ostream<_CharT, _Traits>::__ostream_type = std::basic_ostream<char>]
       operator<<(unsigned long long __n)
       ^
/usr/lib/gcc/x86_64-pc-cygwin/5.4.0/include/c++/ostream:205:7: note:   no known conversion for argument 1 from 'tm' to 'long long unsigned int'
/usr/lib/gcc/x86_64-pc-cygwin/5.4.0/include/c++/ostream:220:7: note: candidate: std::basic_ostream<_CharT, _Traits>::__ostream_type& std::basic_ostream<_CharT, _Traits>::operator<<(double) [with _CharT = char; _Traits = std::char_traits<char>; std::basic_ostream<_CharT, _Traits>::__ostream_type = std::basic_ostream<char>]
       operator<<(double __f)
       ^
/usr/lib/gcc/x86_64-pc-cygwin/5.4.0/include/c++/ostream:220:7: note:   no known conversion for argument 1 from 'tm' to 'double'
/usr/lib/gcc/x86_64-pc-cygwin/5.4.0/include/c++/ostream:224:7: note: candidate: std::basic_ostream<_CharT, _Traits>::__ostream_type& std::basic_ostream<_CharT, _Traits>::operator<<(float) [with _CharT = char; _Traits = std::char_traits<char>; std::basic_ostream<_CharT, _Traits>::__ostream_type = std::basic_ostream<char>]
       operator<<(float __f)
       ^
/usr/lib/gcc/x86_64-pc-cygwin/5.4.0/include/c++/ostream:224:7: note:   no known conversion for argument 1 from 'tm' to 'float'
/usr/lib/gcc/x86_64-pc-cygwin/5.4.0/include/c++/ostream:232:7: note: candidate: std::basic_ostream<_CharT, _Traits>::__ostream_type& std::basic_ostream<_CharT, _Traits>::operator<<(long double) [with _CharT = char; _Traits = std::char_traits<char>; std::basic_ostream<_CharT, _Traits>::__ostream_type = std::basic_ostream<char>]
       operator<<(long double __f)
       ^
/usr/lib/gcc/x86_64-pc-cygwin/5.4.0/include/c++/ostream:232:7: note:   no known conversion for argument 1 from 'tm' to 'long double'
/usr/lib/gcc/x86_64-pc-cygwin/5.4.0/include/c++/ostream:245:7: note: candidate: std::basic_ostream<_CharT, _Traits>::__ostream_type& std::basic_ostream<_CharT, _Traits>::operator<<(const void*) [with _CharT = char; _Traits = std::char_traits<char>; std::basic_ostream<_CharT, _Traits>::__ostream_type = std::basic_ostream<char>]
       operator<<(const void* __p)
       ^
/usr/lib/gcc/x86_64-pc-cygwin/5.4.0/include/c++/ostream:245:7: note:   no known conversion for argument 1 from 'tm' to 'const void*'
In file included from /usr/lib/gcc/x86_64-pc-cygwin/5.4.0/include/c++/ostream:638:0,
                 from /usr/lib/gcc/x86_64-pc-cygwin/5.4.0/include/c++/iostream:39,
                 from ../src/IncapV2_0.cpp:9:
/usr/lib/gcc/x86_64-pc-cygwin/5.4.0/include/c++/bits/ostream.tcc:119:5: note: candidate: std::basic_ostream<_CharT, _Traits>& std::basic_ostream<_CharT, _Traits>::operator<<(std::basic_ostream<_CharT, _Traits>::__streambuf_type*) [with _CharT = char; _Traits = std::char_traits<char>; std::basic_ostream<_CharT, _Traits>::__streambuf_type = std::basic_streambuf<char>]
     basic_ostream<_CharT, _Traits>::
     ^
/usr/lib/gcc/x86_64-pc-cygwin/5.4.0/include/c++/bits/ostream.tcc:119:5: note:   no known conversion for argument 1 from 'tm' to 'std::basic_ostream<char>::__streambuf_type* {aka std::basic_streambuf<char>*}'
In file included from /usr/lib/gcc/x86_64-pc-cygwin/5.4.0/include/c++/string:52:0,
                 from /usr/lib/gcc/x86_64-pc-cygwin/5.4.0/include/c++/bits/locale_classes.h:40,
                 from /usr/lib/gcc/x86_64-pc-cygwin/5.4.0/include/c++/bits/ios_base.h:41,
                 from /usr/lib/gcc/x86_64-pc-cygwin/5.4.0/include/c++/ios:42,
                 from /usr/lib/gcc/x86_64-pc-cygwin/5.4.0/include/c++/ostream:38,
                 from /usr/lib/gcc/x86_64-pc-cygwin/5.4.0/include/c++/iostream:39,
                 from ../src/IncapV2_0.cpp:9:
/usr/lib/gcc/x86_64-pc-cygwin/5.4.0/include/c++/bits/basic_string.h:5172:5: note: candidate: template<class _CharT, class _Traits, class _Alloc> std::basic_ostream<_CharT, _Traits>& std::operator<<(std::basic_ostream<_CharT, _Traits>&, const std::basic_string<_CharT, _Traits, _Alloc>&)
     operator<<(basic_ostream<_CharT, _Traits>& __os,
     ^
/usr/lib/gcc/x86_64-pc-cygwin/5.4.0/include/c++/bits/basic_string.h:5172:5: note:   template argument deduction/substitution failed:
../src/IncapV2_0.cpp:22:36: note:   'tm' is not derived from 'const std::basic_string<_CharT, _Traits, _Alloc>'
  cout << fechaInicial.capturaFecha() << endl;
                                    ^
In file included from /usr/lib/gcc/x86_64-pc-cygwin/5.4.0/include/c++/bits/ios_base.h:46:0,
                 from /usr/lib/gcc/x86_64-pc-cygwin/5.4.0/include/c++/ios:42,
                 from /usr/lib/gcc/x86_64-pc-cygwin/5.4.0/include/c++/ostream:38,
                 from /usr/lib/gcc/x86_64-pc-cygwin/5.4.0/include/c++/iostream:39,
                 from ../src/IncapV2_0.cpp:9:
/usr/lib/gcc/x86_64-pc-cygwin/5.4.0/include/c++/system_error:209:5: note: candidate: template<class _CharT, class _Traits> std::basic_ostream<_CharT, _Traits>& std::operator<<(std::basic_ostream<_CharT, _Traits>&, const std::error_code&)
     operator<<(basic_ostream<_CharT, _Traits>& __os, const error_code& __e)
     ^
/usr/lib/gcc/x86_64-pc-cygwin/5.4.0/include/c++/system_error:209:5: note:   template argument deduction/substitution failed:
../src/IncapV2_0.cpp:22:35: note:   cannot convert 'fechaInicial.Dates::capturaFecha()' (type 'tm') to type 'const std::error_code&'
  cout << fechaInicial.capturaFecha() << endl;
                                   ^
In file included from /usr/lib/gcc/x86_64-pc-cygwin/5.4.0/include/c++/iostream:39:0,
                 from ../src/IncapV2_0.cpp:9:
/usr/lib/gcc/x86_64-pc-cygwin/5.4.0/include/c++/ostream:497:5: note: candidate: template<class _CharT, class _Traits> std::basic_ostream<_CharT, _Traits>& std::operator<<(std::basic_ostream<_CharT, _Traits>&, _CharT)
     operator<<(basic_ostream<_CharT, _Traits>& __out, _CharT __c)
     ^
/usr/lib/gcc/x86_64-pc-cygwin/5.4.0/include/c++/ostream:497:5: note:   template argument deduction/substitution failed:
../src/IncapV2_0.cpp:22:36: note:   deduced conflicting types for parameter '_CharT' ('char' and 'tm')
  cout << fechaInicial.capturaFecha() << endl;
                                    ^
In file included from /usr/lib/gcc/x86_64-pc-cygwin/5.4.0/include/c++/iostream:39:0,
                 from ../src/IncapV2_0.cpp:9:
/usr/lib/gcc/x86_64-pc-cygwin/5.4.0/include/c++/ostream:502:5: note: candidate: template<class _CharT, class _Traits> std::basic_ostream<_CharT, _Traits>& std::operator<<(std::basic_ostream<_CharT, _Traits>&, char)
     operator<<(basic_ostream<_CharT, _Traits>& __out, char __c)
     ^
/usr/lib/gcc/x86_64-pc-cygwin/5.4.0/include/c++/ostream:502:5: note:   template argument deduction/substitution failed:
../src/IncapV2_0.cpp:22:35: note:   cannot convert 'fechaInicial.Dates::capturaFecha()' (type 'tm') to type 'char'
  cout << fechaInicial.capturaFecha() << endl;
                                   ^
In file included from /usr/lib/gcc/x86_64-pc-cygwin/5.4.0/include/c++/iostream:39:0,
                 from ../src/IncapV2_0.cpp:9:
/usr/lib/gcc/x86_64-pc-cygwin/5.4.0/include/c++/ostream:508:5: note: candidate: template<class _Traits> std::basic_ostream<char, _Traits>& std::operator<<(std::basic_ostream<char, _Traits>&, char)
     operator<<(basic_ostream<char, _Traits>& __out, char __c)
     ^
/usr/lib/gcc/x86_64-pc-cygwin/5.4.0/include/c++/ostream:508:5: note:   template argument deduction/substitution failed:
../src/IncapV2_0.cpp:22:35: note:   cannot convert 'fechaInicial.Dates::capturaFecha()' (type 'tm') to type 'char'
  cout << fechaInicial.capturaFecha() << endl;
                                   ^
In file included from /usr/lib/gcc/x86_64-pc-cygwin/5.4.0/include/c++/iostream:39:0,
                 from ../src/IncapV2_0.cpp:9:
/usr/lib/gcc/x86_64-pc-cygwin/5.4.0/include/c++/ostream:514:5: note: candidate: template<class _Traits> std::basic_ostream<char, _Traits>& std::operator<<(std::basic_ostream<char, _Traits>&, signed char)
     operator<<(basic_ostream<char, _Traits>& __out, signed char __c)
     ^
/usr/lib/gcc/x86_64-pc-cygwin/5.4.0/include/c++/ostream:514:5: note:   template argument deduction/substitution failed:
../src/IncapV2_0.cpp:22:35: note:   cannot convert 'fechaInicial.Dates::capturaFecha()' (type 'tm') to type 'signed char'
  cout << fechaInicial.capturaFecha() << endl;
                                   ^
In file included from /usr/lib/gcc/x86_64-pc-cygwin/5.4.0/include/c++/iostream:39:0,
                 from ../src/IncapV2_0.cpp:9:
/usr/lib/gcc/x86_64-pc-cygwin/5.4.0/include/c++/ostream:519:5: note: candidate: template<class _Traits> std::basic_ostream<char, _Traits>& std::operator<<(std::basic_ostream<char, _Traits>&, unsigned char)
     operator<<(basic_ostream<char, _Traits>& __out, unsigned char __c)
     ^
/usr/lib/gcc/x86_64-pc-cygwin/5.4.0/include/c++/ostream:519:5: note:   template argument deduction/substitution failed:
../src/IncapV2_0.cpp:22:35: note:   cannot convert 'fechaInicial.Dates::capturaFecha()' (type 'tm') to type 'unsigned char'
  cout << fechaInicial.capturaFecha() << endl;
                                   ^
In file included from /usr/lib/gcc/x86_64-pc-cygwin/5.4.0/include/c++/iostream:39:0,
                 from ../src/IncapV2_0.cpp:9:
/usr/lib/gcc/x86_64-pc-cygwin/5.4.0/include/c++/ostream:539:5: note: candidate: template<class _CharT, class _Traits> std::basic_ostream<_CharT, _Traits>& std::operator<<(std::basic_ostream<_CharT, _Traits>&, const _CharT*)
     operator<<(basic_ostream<_CharT, _Traits>& __out, const _CharT* __s)
     ^
/usr/lib/gcc/x86_64-pc-cygwin/5.4.0/include/c++/ostream:539:5: note:   template argument deduction/substitution failed:
../src/IncapV2_0.cpp:22:36: note:   mismatched types 'const _CharT*' and 'tm'
  cout << fechaInicial.capturaFecha() << endl;
                                    ^
In file included from /usr/lib/gcc/x86_64-pc-cygwin/5.4.0/include/c++/ostream:638:0,
                 from /usr/lib/gcc/x86_64-pc-cygwin/5.4.0/include/c++/iostream:39,
                 from ../src/IncapV2_0.cpp:9:
/usr/lib/gcc/x86_64-pc-cygwin/5.4.0/include/c++/bits/ostream.tcc:321:5: note: candidate: template<class _CharT, class _Traits> std::basic_ostream<_CharT, _Traits>& std::operator<<(std::basic_ostream<_CharT, _Traits>&, const char*)
     operator<<(basic_ostream<_CharT, _Traits>& __out, const char* __s)
     ^
/usr/lib/gcc/x86_64-pc-cygwin/5.4.0/include/c++/bits/ostream.tcc:321:5: note:   template argument deduction/substitution failed:
../src/IncapV2_0.cpp:22:35: note:   cannot convert 'fechaInicial.Dates::capturaFecha()' (type 'tm') to type 'const char*'
  cout << fechaInicial.capturaFecha() << endl;
                                   ^
In file included from /usr/lib/gcc/x86_64-pc-cygwin/5.4.0/include/c++/iostream:39:0,
                 from ../src/IncapV2_0.cpp:9:
/usr/lib/gcc/x86_64-pc-cygwin/5.4.0/include/c++/ostream:556:5: note: candidate: template<class _Traits> std::basic_ostream<char, _Traits>& std::operator<<(std::basic_ostream<char, _Traits>&, const char*)
     operator<<(basic_ostream<char, _Traits>& __out, const char* __s)
     ^
/usr/lib/gcc/x86_64-pc-cygwin/5.4.0/include/c++/ostream:556:5: note:   template argument deduction/substitution failed:
../src/IncapV2_0.cpp:22:35: note:   cannot convert 'fechaInicial.Dates::capturaFecha()' (type 'tm') to type 'const char*'
  cout << fechaInicial.capturaFecha() << endl;
                                   ^
In file included from /usr/lib/gcc/x86_64-pc-cygwin/5.4.0/include/c++/iostream:39:0,
                 from ../src/IncapV2_0.cpp:9:
/usr/lib/gcc/x86_64-pc-cygwin/5.4.0/include/c++/ostream:569:5: note: candidate: template<class _Traits> std::basic_ostream<char, _Traits>& std::operator<<(std::basic_ostream<char, _Traits>&, const signed char*)
     operator<<(basic_ostream<char, _Traits>& __out, const signed char* __s)
     ^
/usr/lib/gcc/x86_64-pc-cygwin/5.4.0/include/c++/ostream:569:5: note:   template argument deduction/substitution failed:
../src/IncapV2_0.cpp:22:35: note:   cannot convert 'fechaInicial.Dates::capturaFecha()' (type 'tm') to type 'const signed char*'
  cout << fechaInicial.capturaFecha() << endl;
                                   ^
In file included from /usr/lib/gcc/x86_64-pc-cygwin/5.4.0/include/c++/iostream:39:0,
                 from ../src/IncapV2_0.cpp:9:
/usr/lib/gcc/x86_64-pc-cygwin/5.4.0/include/c++/ostream:574:5: note: candidate: template<class _Traits> std::basic_ostream<char, _Traits>& std::operator<<(std::basic_ostream<char, _Traits>&, const unsigned char*)
     operator<<(basic_ostream<char, _Traits>& __out, const unsigned char* __s)
     ^
/usr/lib/gcc/x86_64-pc-cygwin/5.4.0/include/c++/ostream:574:5: note:   template argument deduction/substitution failed:
../src/IncapV2_0.cpp:22:35: note:   cannot convert 'fechaInicial.Dates::capturaFecha()' (type 'tm') to type 'const unsigned char*'
  cout << fechaInicial.capturaFecha() << endl;
                                   ^
In file included from /usr/lib/gcc/x86_64-pc-cygwin/5.4.0/include/c++/iostream:39:0,
                 from ../src/IncapV2_0.cpp:9:
/usr/lib/gcc/x86_64-pc-cygwin/5.4.0/include/c++/ostream:628:5: note: candidate: std::basic_ostream<_CharT, _Traits>& std::operator<<(std::basic_ostream<_CharT, _Traits>&&, const _Tp&) [with _CharT = char; _Traits = std::char_traits<char>; _Tp = tm] <near match>
     operator<<(basic_ostream<_CharT, _Traits>&& __os, const _Tp& __x)
     ^
/usr/lib/gcc/x86_64-pc-cygwin/5.4.0/include/c++/ostream:628:5: note:   conversion of argument 1 would be ill-formed:
../src/IncapV2_0.cpp:22:36: error: cannot bind 'std::ostream {aka std::basic_ostream<char>}' lvalue to 'std::basic_ostream<char>&&'
  cout << fechaInicial.capturaFecha() << endl;
                                    ^
make: *** [src/subdir.mk:26: src/IncapV2_0.o] Error 1
12:14:24 **** Incremental Build of configuration Debug for project IncapV2_0 ****
make all 
Building file: ../src/IncapV2_0.cpp
Invoking: Cygwin C++ Compiler
g++ -std=c++11 -O0 -g3 -Wall -c -fmessage-length=0 -MMD -MP -MF"src/IncapV2_0.d" -MT"src/IncapV2_0.o" -o "src/IncapV2_0.o" "../src/IncapV2_0.cpp"
Finished building: ../src/IncapV2_0.cpp
 
Building target: IncapV2_0.exe
Invoking: Cygwin C++ Linker
g++  -o "IncapV2_0.exe"  ./src/Dates.o ./src/Employee.o ./src/IncapV2_0.o   
Finished building target: IncapV2_0.exe
 
12:15:06 **** Incremental Build of configuration Debug for project IncapV2_0 ****
make all 
Building file: ../src/IncapV2_0.cpp
Invoking: Cygwin C++ Compiler
g++ -std=c++11 -O0 -g3 -Wall -c -fmessage-length=0 -MMD -MP -MF"src/IncapV2_0.d" -MT"src/IncapV2_0.o" -o "src/IncapV2_0.o" "../src/IncapV2_0.cpp"
Finished building: ../src/IncapV2_0.cpp
 
Building target: IncapV2_0.exe
Invoking: Cygwin C++ Linker
g++  -o "IncapV2_0.exe"  ./src/Dates.o ./src/Employee.o ./src/IncapV2_0.o   
Finished building target: IncapV2_0.exe
 
12:19:41 **** Incremental Build of configuration Debug for project IncapV2_0 ****
make all 
Building file: ../src/IncapV2_0.cpp
Invoking: Cygwin C++ Compiler
g++ -std=c++11 -O0 -g3 -Wall -c -fmessage-length=0 -MMD -MP -MF"src/IncapV2_0.d" -MT"src/IncapV2_0.o" -o "src/IncapV2_0.o" "../src/IncapV2_0.cpp"
../src/IncapV2_0.cpp: In function 'int main()':
../src/IncapV2_0.cpp:23:9: warning: unused variable 'inicioIncap' [-Wunused-variable]
  time_t inicioIncap = mktime(&fInicial);
         ^
../src/IncapV2_0.cpp:30:9: warning: unused variable 'finalIncap' [-Wunused-variable]
  time_t finalIncap = mktime(&fFinal);
         ^
Finished building: ../src/IncapV2_0.cpp
 
Building target: IncapV2_0.exe
Invoking: Cygwin C++ Linker
g++  -o "IncapV2_0.exe"  ./src/Dates.o ./src/Employee.o ./src/IncapV2_0.o   
Finished building target: IncapV2_0.exe
 
12:20:32 **** Incremental Build of configuration Debug for project IncapV2_0 ****
make all 
Building file: ../src/IncapV2_0.cpp
Invoking: Cygwin C++ Compiler
g++ -std=c++11 -O0 -g3 -Wall -c -fmessage-length=0 -MMD -MP -MF"src/IncapV2_0.d" -MT"src/IncapV2_0.o" -o "src/IncapV2_0.o" "../src/IncapV2_0.cpp"
Finished building: ../src/IncapV2_0.cpp
 
Building target: IncapV2_0.exe
Invoking: Cygwin C++ Linker
g++  -o "IncapV2_0.exe"  ./src/Dates.o ./src/Employee.o ./src/IncapV2_0.o   
Finished building target: IncapV2_0.exe
 
16:12:02 **** Incremental Build of configuration Debug for project IncapV2_0 ****
make all 
make: Nothing to be done for 'all'.
16:13:05 **** Incremental Build of configuration Debug for project IncapV2_0 ****
make all 
make: Nothing to be done for 'all'.
11:43:56 **** Incremental Build of configuration Debug for project IncapV2_0 ****
make all 
make: Nothing to be done for 'all'.
11:45:18 **** Incremental Build of configuration Debug for project IncapV2_0 ****
make all 
make: Nothing to be done for 'all'.
11:47:56 **** Incremental Build of configuration Debug for project IncapV2_0 ****
make all 
Building file: ../src/Dates.cpp
Invoking: Cygwin C++ Compiler
g++ -std=c++11 -O0 -g3 -Wall -c -fmessage-length=0 -MMD -MP -MF"src/Dates.d" -MT"src/Dates.o" -o "src/Dates.o" "../src/Dates.cpp"
Finished building: ../src/Dates.cpp
 
Building file: ../src/Employee.cpp
Invoking: Cygwin C++ Compiler
g++ -std=c++11 -O0 -g3 -Wall -c -fmessage-length=0 -MMD -MP -MF"src/Employee.d" -MT"src/Employee.o" -o "src/Employee.o" "../src/Employee.cpp"
Finished building: ../src/Employee.cpp
 
Building file: ../src/IncapV2_0.cpp
Invoking: Cygwin C++ Compiler
g++ -std=c++11 -O0 -g3 -Wall -c -fmessage-length=0 -MMD -MP -MF"src/IncapV2_0.d" -MT"src/IncapV2_0.o" -o "src/IncapV2_0.o" "../src/IncapV2_0.cpp"
Finished building: ../src/IncapV2_0.cpp
 
Building target: IncapV2_0.exe
Invoking: Cygwin C++ Linker
g++  -o "IncapV2_0.exe"  ./src/Dates.o ./src/Employee.o ./src/IncapV2_0.o   
Finished building target: IncapV2_0.exe
 
11:53:49 **** Incremental Build of configuration Debug for project IncapV2_0 ****
make all 
make: Nothing to be done for 'all'.
11:53:51 **** Incremental Build of configuration Debug for project Incapacidad_v1 ****
make all 
make: Nothing to be done for 'all'.
11:53:51 **** Incremental Build of configuration Debug for project Proy1_v3_2 ****
make all 
make: Nothing to be done for 'all'.
11:53:52 **** Incremental Build of configuration Debug for project Proy1_v_1 ****
make all 
make: Nothing to be done for 'all'.
11:53:52 **** Incremental Build of configuration Debug for project Proyect1_v_3_1 ****
make all 
Building file: ../src/Proyect1_v_3_1.cpp
Invoking: Cygwin C++ Compiler
g++ -std=c++11 -O0 -g3 -Wall -c -fmessage-length=0 -MMD -MP -MF"src/Proyect1_v_3_1.d" -MT"src/Proyect1_v_3_1.o" -o "src/Proyect1_v_3_1.o" "../src/Proyect1_v_3_1.cpp"
Finished building: ../src/Proyect1_v_3_1.cpp
 
Building target: Proyect1_v_3_1.exe
Invoking: Cygwin C++ Linker
g++  -o "Proyect1_v_3_1.exe"  ./src/Proyect1_v_3_1.o ./src/Validation.o   
Finished building target: Proyect1_v_3_1.exe
 
11:53:55 **** Incremental Build of configuration Debug for project Proyect_2 ****
make all 
make: Nothing to be done for 'all'.
11:53:55 **** Incremental Build of configuration Debug for project Setters ****
make all 
make: Nothing to be done for 'all'.
11:53:55 **** Incremental Build of configuration Debug for project TimeTest ****
make all 
make: Nothing to be done for 'all'.
11:56:48 **** Incremental Build of configuration Debug for project IncapV2_0 ****
make all 
Building file: ../src/Dates.cpp
Invoking: Cygwin C++ Compiler
g++ -std=c++11 -O0 -g3 -Wall -c -fmessage-length=0 -MMD -MP -MF"src/Dates.d" -MT"src/Dates.o" -o "src/Dates.o" "../src/Dates.cpp"
../src/Dates.cpp:113:54: error: expected ')' before '{' token
 int Dates::valImputDates(time_t final, time_t inicial{
                                                      ^
../src/Dates.cpp:113:5: error: prototype for 'int Dates::valImputDates(time_t, time_t)' does not match any in class 'Dates'
 int Dates::valImputDates(time_t final, time_t inicial{
     ^
In file included from ../src/Dates.cpp:8:0:
../src/Dates.h:42:6: error: candidate is: int Dates::valImputDates()
  int valImputDates();
      ^
make: *** [src/subdir.mk:26: src/Dates.o] Error 1
11:57:03 **** Incremental Build of configuration Debug for project IncapV2_0 ****
make all 
Building file: ../src/Dates.cpp
Invoking: Cygwin C++ Compiler
g++ -std=c++11 -O0 -g3 -Wall -c -fmessage-length=0 -MMD -MP -MF"src/Dates.d" -MT"src/Dates.o" -o "src/Dates.o" "../src/Dates.cpp"
../src/Dates.cpp:113:5: error: prototype for 'int Dates::valImputDates(time_t, time_t)' does not match any in class 'Dates'
 int Dates::valImputDates(time_t final, time_t inicial){
     ^
In file included from ../src/Dates.cpp:8:0:
../src/Dates.h:42:6: error: candidate is: int Dates::valImputDates()
  int valImputDates();
      ^
make: *** [src/subdir.mk:26: src/Dates.o] Error 1
11:57:31 **** Incremental Build of configuration Debug for project IncapV2_0 ****
make all 
Building file: ../src/Dates.cpp
Invoking: Cygwin C++ Compiler
g++ -std=c++11 -O0 -g3 -Wall -c -fmessage-length=0 -MMD -MP -MF"src/Dates.d" -MT"src/Dates.o" -o "src/Dates.o" "../src/Dates.cpp"
../src/Dates.cpp:113:5: error: prototype for 'int Dates::valImputDates(time_t, time_t)' does not match any in class 'Dates'
 int Dates::valImputDates(time_t final, time_t inicial){
     ^
In file included from ../src/Dates.cpp:8:0:
../src/Dates.h:42:6: error: candidate is: int Dates::valImputDates()
  int valImputDates();
      ^
make: *** [src/subdir.mk:26: src/Dates.o] Error 1
11:57:32 **** Incremental Build of configuration Debug for project Incapacidad_v1 ****
make all 
make: Nothing to be done for 'all'.
11:57:32 **** Incremental Build of configuration Debug for project Proy1_v3_2 ****
make all 
make: Nothing to be done for 'all'.
11:57:33 **** Incremental Build of configuration Debug for project Proy1_v_1 ****
make all 
make: Nothing to be done for 'all'.
11:57:33 **** Incremental Build of configuration Debug for project Proyect1_v_3_1 ****
make all 
make: Nothing to be done for 'all'.
11:57:34 **** Incremental Build of configuration Debug for project Proyect_2 ****
make all 
make: Nothing to be done for 'all'.
11:57:34 **** Incremental Build of configuration Debug for project Setters ****
make all 
make: Nothing to be done for 'all'.
11:57:34 **** Incremental Build of configuration Debug for project TimeTest ****
make all 
make: Nothing to be done for 'all'.
11:57:39 **** Incremental Build of configuration Debug for project IncapV2_0 ****
make all 
Building file: ../src/Dates.cpp
Invoking: Cygwin C++ Compiler
g++ -std=c++11 -O0 -g3 -Wall -c -fmessage-length=0 -MMD -MP -MF"src/Dates.d" -MT"src/Dates.o" -o "src/Dates.o" "../src/Dates.cpp"
../src/Dates.cpp: In member function 'int Dates::valImputDates(time_t, time_t)':
../src/Dates.cpp:119:2: warning: statement has no effect [-Wunused-value]
  diffD;
  ^
Finished building: ../src/Dates.cpp
 
Building file: ../src/Employee.cpp
Invoking: Cygwin C++ Compiler
g++ -std=c++11 -O0 -g3 -Wall -c -fmessage-length=0 -MMD -MP -MF"src/Employee.d" -MT"src/Employee.o" -o "src/Employee.o" "../src/Employee.cpp"
Finished building: ../src/Employee.cpp
 
Building file: ../src/IncapV2_0.cpp
Invoking: Cygwin C++ Compiler
g++ -std=c++11 -O0 -g3 -Wall -c -fmessage-length=0 -MMD -MP -MF"src/IncapV2_0.d" -MT"src/IncapV2_0.o" -o "src/IncapV2_0.o" "../src/IncapV2_0.cpp"
Finished building: ../src/IncapV2_0.cpp
 
Building target: IncapV2_0.exe
Invoking: Cygwin C++ Linker
g++  -o "IncapV2_0.exe"  ./src/Dates.o ./src/Employee.o ./src/IncapV2_0.o   
Finished building target: IncapV2_0.exe
 
11:58:24 **** Incremental Build of configuration Debug for project IncapV2_0 ****
make all 
make: Nothing to be done for 'all'.
12:07:16 **** Incremental Build of configuration Debug for project IncapV2_0 ****
make all 
Building file: ../src/Dates.cpp
Invoking: Cygwin C++ Compiler
g++ -std=c++11 -O0 -g3 -Wall -c -fmessage-length=0 -MMD -MP -MF"src/Dates.d" -MT"src/Dates.o" -o "src/Dates.o" "../src/Dates.cpp"
../src/Dates.cpp: In member function 'int Dates::valImputDates(time_t, time_t)':
../src/Dates.cpp:119:2: warning: statement has no effect [-Wunused-value]
  diffD;
  ^
Finished building: ../src/Dates.cpp
 
Building file: ../src/Employee.cpp
Invoking: Cygwin C++ Compiler
g++ -std=c++11 -O0 -g3 -Wall -c -fmessage-length=0 -MMD -MP -MF"src/Employee.d" -MT"src/Employee.o" -o "src/Employee.o" "../src/Employee.cpp"
Finished building: ../src/Employee.cpp
 
Building file: ../src/IncapV2_0.cpp
Invoking: Cygwin C++ Compiler
g++ -std=c++11 -O0 -g3 -Wall -c -fmessage-length=0 -MMD -MP -MF"src/IncapV2_0.d" -MT"src/IncapV2_0.o" -o "src/IncapV2_0.o" "../src/IncapV2_0.cpp"
Finished building: ../src/IncapV2_0.cpp
 
Building target: IncapV2_0.exe
Invoking: Cygwin C++ Linker
g++  -o "IncapV2_0.exe"  ./src/Dates.o ./src/Employee.o ./src/IncapV2_0.o   
Finished building target: IncapV2_0.exe
 
12:07:55 **** Incremental Build of configuration Debug for project IncapV2_0 ****
make all 
make: Nothing to be done for 'all'.
12:09:10 **** Incremental Build of configuration Debug for project IncapV2_0 ****
make all 
Building file: ../src/IncapV2_0.cpp
Invoking: Cygwin C++ Compiler
g++ -std=c++11 -O0 -g3 -Wall -c -fmessage-length=0 -MMD -MP -MF"src/IncapV2_0.d" -MT"src/IncapV2_0.o" -o "src/IncapV2_0.o" "../src/IncapV2_0.cpp"
Finished building: ../src/IncapV2_0.cpp
 
Building target: IncapV2_0.exe
Invoking: Cygwin C++ Linker
g++  -o "IncapV2_0.exe"  ./src/Dates.o ./src/Employee.o ./src/IncapV2_0.o   
Finished building target: IncapV2_0.exe
 
12:10:04 **** Incremental Build of configuration Debug for project IncapV2_0 ****
make all 
Building file: ../src/Dates.cpp
Invoking: Cygwin C++ Compiler
g++ -std=c++11 -O0 -g3 -Wall -c -fmessage-length=0 -MMD -MP -MF"src/Dates.d" -MT"src/Dates.o" -o "src/Dates.o" "../src/Dates.cpp"
../src/Dates.cpp: In member function 'int Dates::valImputDates(time_t, time_t)':
../src/Dates.cpp:119:2: warning: statement has no effect [-Wunused-value]
  diffD;
  ^
Finished building: ../src/Dates.cpp
 
Building target: IncapV2_0.exe
Invoking: Cygwin C++ Linker
g++  -o "IncapV2_0.exe"  ./src/Dates.o ./src/Employee.o ./src/IncapV2_0.o   
Finished building target: IncapV2_0.exe
 
12:11:01 **** Incremental Build of configuration Debug for project IncapV2_0 ****
make all 
Building file: ../src/Dates.cpp
Invoking: Cygwin C++ Compiler
g++ -std=c++11 -O0 -g3 -Wall -c -fmessage-length=0 -MMD -MP -MF"src/Dates.d" -MT"src/Dates.o" -o "src/Dates.o" "../src/Dates.cpp"
../src/Dates.cpp: In member function 'int Dates::valImputDates(time_t, time_t)':
../src/Dates.cpp:119:2: warning: statement has no effect [-Wunused-value]
  diffD;
  ^
Finished building: ../src/Dates.cpp
 
Building target: IncapV2_0.exe
Invoking: Cygwin C++ Linker
g++  -o "IncapV2_0.exe"  ./src/Dates.o ./src/Employee.o ./src/IncapV2_0.o   
Finished building target: IncapV2_0.exe
 
12:13:22 **** Incremental Build of configuration Debug for project IncapV2_0 ****
make all 
Building file: ../src/Dates.cpp
Invoking: Cygwin C++ Compiler
g++ -std=c++11 -O0 -g3 -Wall -c -fmessage-length=0 -MMD -MP -MF"src/Dates.d" -MT"src/Dates.o" -o "src/Dates.o" "../src/Dates.cpp"
../src/Dates.cpp: In member function 'int Dates::valImputDates(time_t, time_t)':
../src/Dates.cpp:119:2: warning: statement has no effect [-Wunused-value]
  diffD;
  ^
Finished building: ../src/Dates.cpp
 
Building target: IncapV2_0.exe
Invoking: Cygwin C++ Linker
g++  -o "IncapV2_0.exe"  ./src/Dates.o ./src/Employee.o ./src/IncapV2_0.o   
Finished building target: IncapV2_0.exe
 
12:14:09 **** Incremental Build of configuration Debug for project IncapV2_0 ****
make all 
Building file: ../src/Dates.cpp
Invoking: Cygwin C++ Compiler
g++ -std=c++11 -O0 -g3 -Wall -c -fmessage-length=0 -MMD -MP -MF"src/Dates.d" -MT"src/Dates.o" -o "src/Dates.o" "../src/Dates.cpp"
../src/Dates.cpp: In member function 'int Dates::valImputDates(time_t, time_t)':
../src/Dates.cpp:120:2: warning: statement has no effect [-Wunused-value]
  diffD;
  ^
Finished building: ../src/Dates.cpp
 
Building target: IncapV2_0.exe
Invoking: Cygwin C++ Linker
g++  -o "IncapV2_0.exe"  ./src/Dates.o ./src/Employee.o ./src/IncapV2_0.o   
Finished building target: IncapV2_0.exe
 
12:16:13 **** Incremental Build of configuration Debug for project IncapV2_0 ****
make all 
Building file: ../src/Dates.cpp
Invoking: Cygwin C++ Compiler
g++ -std=c++11 -O0 -g3 -Wall -c -fmessage-length=0 -MMD -MP -MF"src/Dates.d" -MT"src/Dates.o" -o "src/Dates.o" "../src/Dates.cpp"
../src/Dates.cpp: In member function 'int Dates::valImputDates(time_t, time_t)':
../src/Dates.cpp:119:2: warning: statement has no effect [-Wunused-value]
  diffD;
  ^
Finished building: ../src/Dates.cpp
 
Building target: IncapV2_0.exe
Invoking: Cygwin C++ Linker
g++  -o "IncapV2_0.exe"  ./src/Dates.o ./src/Employee.o ./src/IncapV2_0.o   
Finished building target: IncapV2_0.exe
 
12:16:56 **** Incremental Build of configuration Debug for project IncapV2_0 ****
make all 
Building file: ../src/Dates.cpp
Invoking: Cygwin C++ Compiler
g++ -std=c++11 -O0 -g3 -Wall -c -fmessage-length=0 -MMD -MP -MF"src/Dates.d" -MT"src/Dates.o" -o "src/Dates.o" "../src/Dates.cpp"
../src/Dates.cpp: In member function 'int Dates::valImputDates(time_t, time_t)':
../src/Dates.cpp:119:2: warning: statement has no effect [-Wunused-value]
  diffD;
  ^
Finished building: ../src/Dates.cpp
 
Building target: IncapV2_0.exe
Invoking: Cygwin C++ Linker
g++  -o "IncapV2_0.exe"  ./src/Dates.o ./src/Employee.o ./src/IncapV2_0.o   
Finished building target: IncapV2_0.exe
 
12:18:17 **** Incremental Build of configuration Debug for project IncapV2_0 ****
make all 
Building file: ../src/Dates.cpp
Invoking: Cygwin C++ Compiler
g++ -std=c++11 -O0 -g3 -Wall -c -fmessage-length=0 -MMD -MP -MF"src/Dates.d" -MT"src/Dates.o" -o "src/Dates.o" "../src/Dates.cpp"
Finished building: ../src/Dates.cpp
 
Building target: IncapV2_0.exe
Invoking: Cygwin C++ Linker
g++  -o "IncapV2_0.exe"  ./src/Dates.o ./src/Employee.o ./src/IncapV2_0.o   
Finished building target: IncapV2_0.exe
 
12:21:23 **** Incremental Build of configuration Debug for project IncapV2_0 ****
make all 
Building file: ../src/Dates.cpp
Invoking: Cygwin C++ Compiler
g++ -std=c++11 -O0 -g3 -Wall -c -fmessage-length=0 -MMD -MP -MF"src/Dates.d" -MT"src/Dates.o" -o "src/Dates.o" "../src/Dates.cpp"
Finished building: ../src/Dates.cpp
 
Building file: ../src/IncapV2_0.cpp
Invoking: Cygwin C++ Compiler
g++ -std=c++11 -O0 -g3 -Wall -c -fmessage-length=0 -MMD -MP -MF"src/IncapV2_0.d" -MT"src/IncapV2_0.o" -o "src/IncapV2_0.o" "../src/IncapV2_0.cpp"
Finished building: ../src/IncapV2_0.cpp
 
Building target: IncapV2_0.exe
Invoking: Cygwin C++ Linker
g++  -o "IncapV2_0.exe"  ./src/Dates.o ./src/Employee.o ./src/IncapV2_0.o   
Finished building target: IncapV2_0.exe
 
12:21:57 **** Incremental Build of configuration Debug for project IncapV2_0 ****
make all 
make: Nothing to be done for 'all'.
12:25:26 **** Incremental Build of configuration Debug for project IncapV2_0 ****
make all 
Building file: ../src/IncapV2_0.cpp
Invoking: Cygwin C++ Compiler
g++ -std=c++11 -O0 -g3 -Wall -c -fmessage-length=0 -MMD -MP -MF"src/IncapV2_0.d" -MT"src/IncapV2_0.o" -o "src/IncapV2_0.o" "../src/IncapV2_0.cpp"
Finished building: ../src/IncapV2_0.cpp
 
Building target: IncapV2_0.exe
Invoking: Cygwin C++ Linker
g++  -o "IncapV2_0.exe"  ./src/Dates.o ./src/Employee.o ./src/IncapV2_0.o   
Finished building target: IncapV2_0.exe
 
12:26:25 **** Incremental Build of configuration Debug for project IncapV2_0 ****
make all 
Building file: ../src/IncapV2_0.cpp
Invoking: Cygwin C++ Compiler
g++ -std=c++11 -O0 -g3 -Wall -c -fmessage-length=0 -MMD -MP -MF"src/IncapV2_0.d" -MT"src/IncapV2_0.o" -o "src/IncapV2_0.o" "../src/IncapV2_0.cpp"
Finished building: ../src/IncapV2_0.cpp
 
Building target: IncapV2_0.exe
Invoking: Cygwin C++ Linker
g++  -o "IncapV2_0.exe"  ./src/Dates.o ./src/Employee.o ./src/IncapV2_0.o   
Finished building target: IncapV2_0.exe
 
12:28:01 **** Incremental Build of configuration Debug for project IncapV2_0 ****
make all 
Building file: ../src/IncapV2_0.cpp
Invoking: Cygwin C++ Compiler
g++ -std=c++11 -O0 -g3 -Wall -c -fmessage-length=0 -MMD -MP -MF"src/IncapV2_0.d" -MT"src/IncapV2_0.o" -o "src/IncapV2_0.o" "../src/IncapV2_0.cpp"
Finished building: ../src/IncapV2_0.cpp
 
Building target: IncapV2_0.exe
Invoking: Cygwin C++ Linker
g++  -o "IncapV2_0.exe"  ./src/Dates.o ./src/Employee.o ./src/IncapV2_0.o   
Finished building target: IncapV2_0.exe
 
12:28:43 **** Incremental Build of configuration Debug for project IncapV2_0 ****
make all 
Building file: ../src/IncapV2_0.cpp
Invoking: Cygwin C++ Compiler
g++ -std=c++11 -O0 -g3 -Wall -c -fmessage-length=0 -MMD -MP -MF"src/IncapV2_0.d" -MT"src/IncapV2_0.o" -o "src/IncapV2_0.o" "../src/IncapV2_0.cpp"
Finished building: ../src/IncapV2_0.cpp
 
Building target: IncapV2_0.exe
Invoking: Cygwin C++ Linker
g++  -o "IncapV2_0.exe"  ./src/Dates.o ./src/Employee.o ./src/IncapV2_0.o   
Finished building target: IncapV2_0.exe
 
12:31:14 **** Incremental Build of configuration Debug for project IncapV2_0 ****
make all 
Building file: ../src/Dates.cpp
Invoking: Cygwin C++ Compiler
g++ -std=c++11 -O0 -g3 -Wall -c -fmessage-length=0 -MMD -MP -MF"src/Dates.d" -MT"src/Dates.o" -o "src/Dates.o" "../src/Dates.cpp"
Finished building: ../src/Dates.cpp
 
Building target: IncapV2_0.exe
Invoking: Cygwin C++ Linker
g++  -o "IncapV2_0.exe"  ./src/Dates.o ./src/Employee.o ./src/IncapV2_0.o   
Finished building target: IncapV2_0.exe
 
12:31:54 **** Incremental Build of configuration Debug for project IncapV2_0 ****
make all 
Building file: ../src/Dates.cpp
Invoking: Cygwin C++ Compiler
g++ -std=c++11 -O0 -g3 -Wall -c -fmessage-length=0 -MMD -MP -MF"src/Dates.d" -MT"src/Dates.o" -o "src/Dates.o" "../src/Dates.cpp"
Finished building: ../src/Dates.cpp
 
Building target: IncapV2_0.exe
Invoking: Cygwin C++ Linker
g++  -o "IncapV2_0.exe"  ./src/Dates.o ./src/Employee.o ./src/IncapV2_0.o   
Finished building target: IncapV2_0.exe
 
12:47:12 **** Incremental Build of configuration Debug for project IncapV2_0 ****
make all 
Building file: ../src/Dates.cpp
Invoking: Cygwin C++ Compiler
g++ -std=c++11 -O0 -g3 -Wall -c -fmessage-length=0 -MMD -MP -MF"src/Dates.d" -MT"src/Dates.o" -o "src/Dates.o" "../src/Dates.cpp"
Finished building: ../src/Dates.cpp
 
Building file: ../src/Employee.cpp
Invoking: Cygwin C++ Compiler
g++ -std=c++11 -O0 -g3 -Wall -c -fmessage-length=0 -MMD -MP -MF"src/Employee.d" -MT"src/Employee.o" -o "src/Employee.o" "../src/Employee.cpp"
Finished building: ../src/Employee.cpp
 
Building file: ../src/IncapV2_0.cpp
Invoking: Cygwin C++ Compiler
g++ -std=c++11 -O0 -g3 -Wall -c -fmessage-length=0 -MMD -MP -MF"src/IncapV2_0.d" -MT"src/IncapV2_0.o" -o "src/IncapV2_0.o" "../src/IncapV2_0.cpp"
Finished building: ../src/IncapV2_0.cpp
 
Building target: IncapV2_0.exe
Invoking: Cygwin C++ Linker
g++  -o "IncapV2_0.exe"  ./src/Dates.o ./src/Employee.o ./src/IncapV2_0.o   
Finished building target: IncapV2_0.exe
 
12:48:15 **** Incremental Build of configuration Debug for project IncapV2_0 ****
make all 
Building file: ../src/IncapV2_0.cpp
Invoking: Cygwin C++ Compiler
g++ -std=c++11 -O0 -g3 -Wall -c -fmessage-length=0 -MMD -MP -MF"src/IncapV2_0.d" -MT"src/IncapV2_0.o" -o "src/IncapV2_0.o" "../src/IncapV2_0.cpp"
Finished building: ../src/IncapV2_0.cpp
 
Building target: IncapV2_0.exe
Invoking: Cygwin C++ Linker
g++  -o "IncapV2_0.exe"  ./src/Dates.o ./src/Employee.o ./src/IncapV2_0.o   
Finished building target: IncapV2_0.exe
 
12:49:18 **** Incremental Build of configuration Debug for project IncapV2_0 ****
make all 
Building file: ../src/Employee.cpp
Invoking: Cygwin C++ Compiler
g++ -std=c++11 -O0 -g3 -Wall -c -fmessage-length=0 -MMD -MP -MF"src/Employee.d" -MT"src/Employee.o" -o "src/Employee.o" "../src/Employee.cpp"
Finished building: ../src/Employee.cpp
 
Building target: IncapV2_0.exe
Invoking: Cygwin C++ Linker
g++  -o "IncapV2_0.exe"  ./src/Dates.o ./src/Employee.o ./src/IncapV2_0.o   
Finished building target: IncapV2_0.exe
 
12:54:58 **** Incremental Build of configuration Debug for project IncapV2_0 ****
make all 
Building file: ../src/Dates.cpp
Invoking: Cygwin C++ Compiler
g++ -std=c++11 -O0 -g3 -Wall -c -fmessage-length=0 -MMD -MP -MF"src/Dates.d" -MT"src/Dates.o" -o "src/Dates.o" "../src/Dates.cpp"
In file included from ../src/Dates.h:12:0,
                 from ../src/Dates.cpp:8:
../src/Employee.h:29:25: error: expected ';' at end of member declaration
  double salarioPromedio()
                         ^
make: *** [src/subdir.mk:26: src/Dates.o] Error 1
12:55:08 **** Incremental Build of configuration Debug for project IncapV2_0 ****
make all 
Building file: ../src/Dates.cpp
Invoking: Cygwin C++ Compiler
g++ -std=c++11 -O0 -g3 -Wall -c -fmessage-length=0 -MMD -MP -MF"src/Dates.d" -MT"src/Dates.o" -o "src/Dates.o" "../src/Dates.cpp"
Finished building: ../src/Dates.cpp
 
Building file: ../src/Employee.cpp
Invoking: Cygwin C++ Compiler
g++ -std=c++11 -O0 -g3 -Wall -c -fmessage-length=0 -MMD -MP -MF"src/Employee.d" -MT"src/Employee.o" -o "src/Employee.o" "../src/Employee.cpp"
Finished building: ../src/Employee.cpp
 
Building file: ../src/IncapV2_0.cpp
Invoking: Cygwin C++ Compiler
g++ -std=c++11 -O0 -g3 -Wall -c -fmessage-length=0 -MMD -MP -MF"src/IncapV2_0.d" -MT"src/IncapV2_0.o" -o "src/IncapV2_0.o" "../src/IncapV2_0.cpp"
Finished building: ../src/IncapV2_0.cpp
 
Building target: IncapV2_0.exe
Invoking: Cygwin C++ Linker
g++  -o "IncapV2_0.exe"  ./src/Dates.o ./src/Employee.o ./src/IncapV2_0.o   
Finished building target: IncapV2_0.exe
 
12:55:58 **** Incremental Build of configuration Debug for project IncapV2_0 ****
make all 
Building file: ../src/Employee.cpp
Invoking: Cygwin C++ Compiler
g++ -std=c++11 -O0 -g3 -Wall -c -fmessage-length=0 -MMD -MP -MF"src/Employee.d" -MT"src/Employee.o" -o "src/Employee.o" "../src/Employee.cpp"
Finished building: ../src/Employee.cpp
 
Building target: IncapV2_0.exe
Invoking: Cygwin C++ Linker
g++  -o "IncapV2_0.exe"  ./src/Dates.o ./src/Employee.o ./src/IncapV2_0.o   
Finished building target: IncapV2_0.exe
 
12:56:24 **** Incremental Build of configuration Debug for project IncapV2_0 ****
make all 
Building file: ../src/Employee.cpp
Invoking: Cygwin C++ Compiler
g++ -std=c++11 -O0 -g3 -Wall -c -fmessage-length=0 -MMD -MP -MF"src/Employee.d" -MT"src/Employee.o" -o "src/Employee.o" "../src/Employee.cpp"
Finished building: ../src/Employee.cpp
 
Building target: IncapV2_0.exe
Invoking: Cygwin C++ Linker
g++  -o "IncapV2_0.exe"  ./src/Dates.o ./src/Employee.o ./src/IncapV2_0.o   
Finished building target: IncapV2_0.exe
 
12:57:31 **** Incremental Build of configuration Debug for project IncapV2_0 ****
make all 
Building file: ../src/IncapV2_0.cpp
Invoking: Cygwin C++ Compiler
g++ -std=c++11 -O0 -g3 -Wall -c -fmessage-length=0 -MMD -MP -MF"src/IncapV2_0.d" -MT"src/IncapV2_0.o" -o "src/IncapV2_0.o" "../src/IncapV2_0.cpp"
Finished building: ../src/IncapV2_0.cpp
 
Building target: IncapV2_0.exe
Invoking: Cygwin C++ Linker
g++  -o "IncapV2_0.exe"  ./src/Dates.o ./src/Employee.o ./src/IncapV2_0.o   
Finished building target: IncapV2_0.exe
 
13:04:50 **** Incremental Build of configuration Debug for project IncapV2_0 ****
make all 
Building file: ../src/Dates.cpp
Invoking: Cygwin C++ Compiler
g++ -std=c++11 -O0 -g3 -Wall -c -fmessage-length=0 -MMD -MP -MF"src/Dates.d" -MT"src/Dates.o" -o "src/Dates.o" "../src/Dates.cpp"
Finished building: ../src/Dates.cpp
 
Building file: ../src/Employee.cpp
Invoking: Cygwin C++ Compiler
g++ -std=c++11 -O0 -g3 -Wall -c -fmessage-length=0 -MMD -MP -MF"src/Employee.d" -MT"src/Employee.o" -o "src/Employee.o" "../src/Employee.cpp"
Finished building: ../src/Employee.cpp
 
Building file: ../src/IncapV2_0.cpp
Invoking: Cygwin C++ Compiler
g++ -std=c++11 -O0 -g3 -Wall -c -fmessage-length=0 -MMD -MP -MF"src/IncapV2_0.d" -MT"src/IncapV2_0.o" -o "src/IncapV2_0.o" "../src/IncapV2_0.cpp"
../src/IncapV2_0.cpp: In function 'int main()':
../src/IncapV2_0.cpp:20:9: warning: unused variable 'subsDiario' [-Wunused-variable]
  double subsDiario =datos.salarioPromedio();
         ^
Finished building: ../src/IncapV2_0.cpp
 
Building target: IncapV2_0.exe
Invoking: Cygwin C++ Linker
g++  -o "IncapV2_0.exe"  ./src/Dates.o ./src/Employee.o ./src/IncapV2_0.o   
Finished building target: IncapV2_0.exe
 
13:06:43 **** Incremental Build of configuration Debug for project IncapV2_0 ****
make all 
Building file: ../src/Dates.cpp
Invoking: Cygwin C++ Compiler
g++ -std=c++11 -O0 -g3 -Wall -c -fmessage-length=0 -MMD -MP -MF"src/Dates.d" -MT"src/Dates.o" -o "src/Dates.o" "../src/Dates.cpp"
Finished building: ../src/Dates.cpp
 
Building file: ../src/Employee.cpp
Invoking: Cygwin C++ Compiler
g++ -std=c++11 -O0 -g3 -Wall -c -fmessage-length=0 -MMD -MP -MF"src/Employee.d" -MT"src/Employee.o" -o "src/Employee.o" "../src/Employee.cpp"
Finished building: ../src/Employee.cpp
 
Building file: ../src/IncapV2_0.cpp
Invoking: Cygwin C++ Compiler
g++ -std=c++11 -O0 -g3 -Wall -c -fmessage-length=0 -MMD -MP -MF"src/IncapV2_0.d" -MT"src/IncapV2_0.o" -o "src/IncapV2_0.o" "../src/IncapV2_0.cpp"
../src/IncapV2_0.cpp: In function 'int main()':
../src/IncapV2_0.cpp:20:9: warning: unused variable 'subsDiario' [-Wunused-variable]
  double subsDiario =datos.salarioPromedio();
         ^
Finished building: ../src/IncapV2_0.cpp
 
Building target: IncapV2_0.exe
Invoking: Cygwin C++ Linker
g++  -o "IncapV2_0.exe"  ./src/Dates.o ./src/Employee.o ./src/IncapV2_0.o   
Finished building target: IncapV2_0.exe
 
13:09:12 **** Incremental Build of configuration Debug for project IncapV2_0 ****
make all 
Building file: ../src/IncapV2_0.cpp
Invoking: Cygwin C++ Compiler
g++ -std=c++11 -O0 -g3 -Wall -c -fmessage-length=0 -MMD -MP -MF"src/IncapV2_0.d" -MT"src/IncapV2_0.o" -o "src/IncapV2_0.o" "../src/IncapV2_0.cpp"
Finished building: ../src/IncapV2_0.cpp
 
Building target: IncapV2_0.exe
Invoking: Cygwin C++ Linker
g++  -o "IncapV2_0.exe"  ./src/Dates.o ./src/Employee.o ./src/IncapV2_0.o   
Finished building target: IncapV2_0.exe
 
13:10:32 **** Incremental Build of configuration Debug for project IncapV2_0 ****
make all 
make: Nothing to be done for 'all'.
13:16:29 **** Incremental Build of configuration Debug for project IncapV2_0 ****
make all 
Building file: ../src/Employee.cpp
Invoking: Cygwin C++ Compiler
g++ -std=c++11 -O0 -g3 -Wall -c -fmessage-length=0 -MMD -MP -MF"src/Employee.d" -MT"src/Employee.o" -o "src/Employee.o" "../src/Employee.cpp"
Finished building: ../src/Employee.cpp
 
Building target: IncapV2_0.exe
Invoking: Cygwin C++ Linker
g++  -o "IncapV2_0.exe"  ./src/Dates.o ./src/Employee.o ./src/IncapV2_0.o   
Finished building target: IncapV2_0.exe
 
13:17:23 **** Incremental Build of configuration Debug for project IncapV2_0 ****
make all 
make: Nothing to be done for 'all'.
20:35:25 **** Incremental Build of configuration Debug for project IncapV2_0 ****
make all 
Building file: ../src/Dates.cpp
Invoking: Cygwin C++ Compiler
g++ -std=c++11 -O0 -g3 -Wall -c -fmessage-length=0 -MMD -MP -MF"src/Dates.d" -MT"src/Dates.o" -o "src/Dates.o" "../src/Dates.cpp"
In file included from ../src/Dates.h:16:0,
                 from ../src/Dates.cpp:8:
../src/Employee.h:22:2: error: 'string' does not name a type
  string name;
  ^
../src/Employee.h:23:2: error: 'string' does not name a type
  string lastName1;
  ^
../src/Employee.h:24:2: error: 'string' does not name a type
  string lastName2;
  ^
../src/Employee.h:25:2: error: 'string' does not name a type
  string fullName;
  ^
../src/Employee.h:33:2: error: 'string' does not name a type
  string getName();
  ^
make: *** [src/subdir.mk:26: src/Dates.o] Error 1
20:36:03 **** Incremental Build of configuration Debug for project IncapV2_0 ****
make all 
Building file: ../src/Dates.cpp
Invoking: Cygwin C++ Compiler
g++ -std=c++11 -O0 -g3 -Wall -c -fmessage-length=0 -MMD -MP -MF"src/Dates.d" -MT"src/Dates.o" -o "src/Dates.o" "../src/Dates.cpp"
Finished building: ../src/Dates.cpp
 
Building file: ../src/Employee.cpp
Invoking: Cygwin C++ Compiler
g++ -std=c++11 -O0 -g3 -Wall -c -fmessage-length=0 -MMD -MP -MF"src/Employee.d" -MT"src/Employee.o" -o "src/Employee.o" "../src/Employee.cpp"
Finished building: ../src/Employee.cpp
 
Building file: ../src/IncapV2_0.cpp
Invoking: Cygwin C++ Compiler
g++ -std=c++11 -O0 -g3 -Wall -c -fmessage-length=0 -MMD -MP -MF"src/IncapV2_0.d" -MT"src/IncapV2_0.o" -o "src/IncapV2_0.o" "../src/IncapV2_0.cpp"
Finished building: ../src/IncapV2_0.cpp
 
Building target: IncapV2_0.exe
Invoking: Cygwin C++ Linker
g++  -o "IncapV2_0.exe"  ./src/Dates.o ./src/Employee.o ./src/IncapV2_0.o   
Finished building target: IncapV2_0.exe
 
20:38:15 **** Incremental Build of configuration Debug for project IncapV2_0 ****
make all 
Building file: ../src/Employee.cpp
Invoking: Cygwin C++ Compiler
g++ -std=c++11 -O0 -g3 -Wall -c -fmessage-length=0 -MMD -MP -MF"src/Employee.d" -MT"src/Employee.o" -o "src/Employee.o" "../src/Employee.cpp"
../src/Employee.cpp: In member function 'void Employee::printResults(int, double)':
../src/Employee.cpp:66:98: error: 'setprecision' was not declared in this scope
  cout << "El salario promedio de los ultimos 3 meses es de ............... : " <<  setprecision(3) <<salPromedio << endl;
                                                                                                  ^
../src/Employee.cpp:66:98: note: suggested alternative:
In file included from ../src/Dates.h:10:0,
                 from ../src/Employee.cpp:8:
/usr/lib/gcc/x86_64-pc-cygwin/5.4.0/include/c++/iomanip:195:3: note:   'std::setprecision'
   setprecision(int __n)
   ^
make: *** [src/subdir.mk:26: src/Employee.o] Error 1
20:38:48 **** Incremental Build of configuration Debug for project IncapV2_0 ****
make all 
Building file: ../src/Employee.cpp
Invoking: Cygwin C++ Compiler
g++ -std=c++11 -O0 -g3 -Wall -c -fmessage-length=0 -MMD -MP -MF"src/Employee.d" -MT"src/Employee.o" -o "src/Employee.o" "../src/Employee.cpp"
Finished building: ../src/Employee.cpp
 
Building target: IncapV2_0.exe
Invoking: Cygwin C++ Linker
g++  -o "IncapV2_0.exe"  ./src/Dates.o ./src/Employee.o ./src/IncapV2_0.o   
Finished building target: IncapV2_0.exe
 
20:41:49 **** Incremental Build of configuration Debug for project IncapV2_0 ****
make all 
Building file: ../src/Employee.cpp
Invoking: Cygwin C++ Compiler
g++ -std=c++11 -O0 -g3 -Wall -c -fmessage-length=0 -MMD -MP -MF"src/Employee.d" -MT"src/Employee.o" -o "src/Employee.o" "../src/Employee.cpp"
../src/Employee.cpp: In member function 'double Employee::salarioPromedio()':
../src/Employee.cpp:37:6: error: 'std::ostream {aka class std::basic_ostream<char>}' has no member named 'setprecision'
 cout.setprecision(3);
      ^
make: *** [src/subdir.mk:26: src/Employee.o] Error 1
20:42:44 **** Incremental Build of configuration Debug for project IncapV2_0 ****
make all 
Building file: ../src/Employee.cpp
Invoking: Cygwin C++ Compiler
g++ -std=c++11 -O0 -g3 -Wall -c -fmessage-length=0 -MMD -MP -MF"src/Employee.d" -MT"src/Employee.o" -o "src/Employee.o" "../src/Employee.cpp"
Finished building: ../src/Employee.cpp
 
Building target: IncapV2_0.exe
Invoking: Cygwin C++ Linker
g++  -o "IncapV2_0.exe"  ./src/Dates.o ./src/Employee.o ./src/IncapV2_0.o   
Finished building target: IncapV2_0.exe
 
20:47:27 **** Incremental Build of configuration Debug for project IncapV2_0 ****
make all 
Building file: ../src/Dates.cpp
Invoking: Cygwin C++ Compiler
g++ -std=c++11 -O0 -g3 -Wall -c -fmessage-length=0 -MMD -MP -MF"src/Dates.d" -MT"src/Dates.o" -o "src/Dates.o" "../src/Dates.cpp"
Finished building: ../src/Dates.cpp
 
Building file: ../src/Employee.cpp
Invoking: Cygwin C++ Compiler
g++ -std=c++11 -O0 -g3 -Wall -c -fmessage-length=0 -MMD -MP -MF"src/Employee.d" -MT"src/Employee.o" -o "src/Employee.o" "../src/Employee.cpp"
Finished building: ../src/Employee.cpp
 
Building file: ../src/IncapV2_0.cpp
Invoking: Cygwin C++ Compiler
g++ -std=c++11 -O0 -g3 -Wall -c -fmessage-length=0 -MMD -MP -MF"src/IncapV2_0.d" -MT"src/IncapV2_0.o" -o "src/IncapV2_0.o" "../src/IncapV2_0.cpp"
Finished building: ../src/IncapV2_0.cpp
 
Building target: IncapV2_0.exe
Invoking: Cygwin C++ Linker
g++  -o "IncapV2_0.exe"  ./src/Dates.o ./src/Employee.o ./src/IncapV2_0.o   
Finished building target: IncapV2_0.exe
 
20:50:01 **** Incremental Build of configuration Debug for project IncapV2_0 ****
make all 
Building file: ../src/Dates.cpp
Invoking: Cygwin C++ Compiler
g++ -std=c++11 -O0 -g3 -Wall -c -fmessage-length=0 -MMD -MP -MF"src/Dates.d" -MT"src/Dates.o" -o "src/Dates.o" "../src/Dates.cpp"
Finished building: ../src/Dates.cpp
 
Building file: ../src/Employee.cpp
Invoking: Cygwin C++ Compiler
g++ -std=c++11 -O0 -g3 -Wall -c -fmessage-length=0 -MMD -MP -MF"src/Employee.d" -MT"src/Employee.o" -o "src/Employee.o" "../src/Employee.cpp"
Finished building: ../src/Employee.cpp
 
Building file: ../src/IncapV2_0.cpp
Invoking: Cygwin C++ Compiler
g++ -std=c++11 -O0 -g3 -Wall -c -fmessage-length=0 -MMD -MP -MF"src/IncapV2_0.d" -MT"src/IncapV2_0.o" -o "src/IncapV2_0.o" "../src/IncapV2_0.cpp"
Finished building: ../src/IncapV2_0.cpp
 
Building target: IncapV2_0.exe
Invoking: Cygwin C++ Linker
g++  -o "IncapV2_0.exe"  ./src/Dates.o ./src/Employee.o ./src/IncapV2_0.o   
Finished building target: IncapV2_0.exe
 
20:50:16 **** Incremental Build of configuration Debug for project IncapV2_0 ****
make all 
Building file: ../src/Employee.cpp
Invoking: Cygwin C++ Compiler
g++ -std=c++11 -O0 -g3 -Wall -c -fmessage-length=0 -MMD -MP -MF"src/Employee.d" -MT"src/Employee.o" -o "src/Employee.o" "../src/Employee.cpp"
../src/Employee.cpp: In member function 'void Employee::printResults(int, double)':
../src/Employee.cpp:66:106: error: 'setprecision' was not declared in this scope
  cout << "El salario promedio de los ultimos 3 meses es de ............... : " << fixed << setprecision(4) <<  salPromedio << endl;
                                                                                                          ^
../src/Employee.cpp:66:106: note: suggested alternative:
In file included from ../src/Dates.h:10:0,
                 from ../src/Employee.cpp:8:
/usr/lib/gcc/x86_64-pc-cygwin/5.4.0/include/c++/iomanip:195:3: note:   'std::setprecision'
   setprecision(int __n)
   ^
make: *** [src/subdir.mk:26: src/Employee.o] Error 1
20:50:27 **** Incremental Build of configuration Debug for project IncapV2_0 ****
make all 
Building file: ../src/Employee.cpp
Invoking: Cygwin C++ Compiler
g++ -std=c++11 -O0 -g3 -Wall -c -fmessage-length=0 -MMD -MP -MF"src/Employee.d" -MT"src/Employee.o" -o "src/Employee.o" "../src/Employee.cpp"
Finished building: ../src/Employee.cpp
 
Building target: IncapV2_0.exe
Invoking: Cygwin C++ Linker
g++  -o "IncapV2_0.exe"  ./src/Dates.o ./src/Employee.o ./src/IncapV2_0.o   
Finished building target: IncapV2_0.exe
 
20:50:44 **** Incremental Build of configuration Debug for project IncapV2_0 ****
make all 
Building file: ../src/Employee.cpp
Invoking: Cygwin C++ Compiler
g++ -std=c++11 -O0 -g3 -Wall -c -fmessage-length=0 -MMD -MP -MF"src/Employee.d" -MT"src/Employee.o" -o "src/Employee.o" "../src/Employee.cpp"
../src/Employee.cpp: In member function 'void Employee::printResults(int, double)':
../src/Employee.cpp:68:106: error: 'setprecision' was not declared in this scope
  cout << "El salario promedio de los ultimos 3 meses es de ............... : " << fixed << setprecision(4) <<  salPromedio << endl;
                                                                                                          ^
../src/Employee.cpp:68:106: note: suggested alternative:
In file included from ../src/Dates.h:10:0,
                 from ../src/Employee.cpp:8:
/usr/lib/gcc/x86_64-pc-cygwin/5.4.0/include/c++/iomanip:195:3: note:   'std::setprecision'
   setprecision(int __n)
   ^
make: *** [src/subdir.mk:26: src/Employee.o] Error 1
20:50:54 **** Incremental Build of configuration Debug for project IncapV2_0 ****
make all 
Building file: ../src/Employee.cpp
Invoking: Cygwin C++ Compiler
g++ -std=c++11 -O0 -g3 -Wall -c -fmessage-length=0 -MMD -MP -MF"src/Employee.d" -MT"src/Employee.o" -o "src/Employee.o" "../src/Employee.cpp"
Finished building: ../src/Employee.cpp
 
Building target: IncapV2_0.exe
Invoking: Cygwin C++ Linker
g++  -o "IncapV2_0.exe"  ./src/Dates.o ./src/Employee.o ./src/IncapV2_0.o   
Finished building target: IncapV2_0.exe
 
20:51:16 **** Incremental Build of configuration Debug for project IncapV2_0 ****
make all 
Building file: ../src/Employee.cpp
Invoking: Cygwin C++ Compiler
g++ -std=c++11 -O0 -g3 -Wall -c -fmessage-length=0 -MMD -MP -MF"src/Employee.d" -MT"src/Employee.o" -o "src/Employee.o" "../src/Employee.cpp"
Finished building: ../src/Employee.cpp
 
Building target: IncapV2_0.exe
Invoking: Cygwin C++ Linker
g++  -o "IncapV2_0.exe"  ./src/Dates.o ./src/Employee.o ./src/IncapV2_0.o   
Finished building target: IncapV2_0.exe
 
20:53:29 **** Incremental Build of configuration Debug for project IncapV2_0 ****
make all 
Building file: ../src/Employee.cpp
Invoking: Cygwin C++ Compiler
g++ -std=c++11 -O0 -g3 -Wall -c -fmessage-length=0 -MMD -MP -MF"src/Employee.d" -MT"src/Employee.o" -o "src/Employee.o" "../src/Employee.cpp"
Finished building: ../src/Employee.cpp
 
Building target: IncapV2_0.exe
Invoking: Cygwin C++ Linker
g++  -o "IncapV2_0.exe"  ./src/Dates.o ./src/Employee.o ./src/IncapV2_0.o   
Finished building target: IncapV2_0.exe
 
20:55:37 **** Incremental Build of configuration Debug for project IncapV2_0 ****
make all 
Building file: ../src/Dates.cpp
Invoking: Cygwin C++ Compiler
g++ -std=c++11 -O0 -g3 -Wall -c -fmessage-length=0 -MMD -MP -MF"src/Dates.d" -MT"src/Dates.o" -o "src/Dates.o" "../src/Dates.cpp"
Finished building: ../src/Dates.cpp
 
Building file: ../src/Employee.cpp
Invoking: Cygwin C++ Compiler
g++ -std=c++11 -O0 -g3 -Wall -c -fmessage-length=0 -MMD -MP -MF"src/Employee.d" -MT"src/Employee.o" -o "src/Employee.o" "../src/Employee.cpp"
Finished building: ../src/Employee.cpp
 
Building file: ../src/IncapV2_0.cpp
Invoking: Cygwin C++ Compiler
g++ -std=c++11 -O0 -g3 -Wall -c -fmessage-length=0 -MMD -MP -MF"src/IncapV2_0.d" -MT"src/IncapV2_0.o" -o "src/IncapV2_0.o" "../src/IncapV2_0.cpp"
Finished building: ../src/IncapV2_0.cpp
 
Building target: IncapV2_0.exe
Invoking: Cygwin C++ Linker
g++  -o "IncapV2_0.exe"  ./src/Dates.o ./src/Employee.o ./src/IncapV2_0.o   
Finished building target: IncapV2_0.exe
 
21:00:24 **** Incremental Build of configuration Debug for project IncapV2_0 ****
make all 
Building file: ../src/Employee.cpp
Invoking: Cygwin C++ Compiler
g++ -std=c++11 -O0 -g3 -Wall -c -fmessage-length=0 -MMD -MP -MF"src/Employee.d" -MT"src/Employee.o" -o "src/Employee.o" "../src/Employee.cpp"
Finished building: ../src/Employee.cpp
 
Building target: IncapV2_0.exe
Invoking: Cygwin C++ Linker
g++  -o "IncapV2_0.exe"  ./src/Dates.o ./src/Employee.o ./src/IncapV2_0.o   
Finished building target: IncapV2_0.exe
 
21:06:14 **** Incremental Build of configuration Debug for project IncapV2_0 ****
make all 
Building file: ../src/Employee.cpp
Invoking: Cygwin C++ Compiler
g++ -std=c++11 -O0 -g3 -Wall -c -fmessage-length=0 -MMD -MP -MF"src/Employee.d" -MT"src/Employee.o" -o "src/Employee.o" "../src/Employee.cpp"
Finished building: ../src/Employee.cpp
 
Building file: ../src/IncapV2_0.cpp
Invoking: Cygwin C++ Compiler
g++ -std=c++11 -O0 -g3 -Wall -c -fmessage-length=0 -MMD -MP -MF"src/IncapV2_0.d" -MT"src/IncapV2_0.o" -o "src/IncapV2_0.o" "../src/IncapV2_0.cpp"
Finished building: ../src/IncapV2_0.cpp
 
Building target: IncapV2_0.exe
Invoking: Cygwin C++ Linker
g++  -o "IncapV2_0.exe"  ./src/Dates.o ./src/Employee.o ./src/IncapV2_0.o   
Finished building target: IncapV2_0.exe
 
21:07:26 **** Incremental Build of configuration Debug for project IncapV2_0 ****
make all 
Building file: ../src/Employee.cpp
Invoking: Cygwin C++ Compiler
g++ -std=c++11 -O0 -g3 -Wall -c -fmessage-length=0 -MMD -MP -MF"src/Employee.d" -MT"src/Employee.o" -o "src/Employee.o" "../src/Employee.cpp"
Finished building: ../src/Employee.cpp
 
Building target: IncapV2_0.exe
Invoking: Cygwin C++ Linker
g++  -o "IncapV2_0.exe"  ./src/Dates.o ./src/Employee.o ./src/IncapV2_0.o   
Finished building target: IncapV2_0.exe
 
21:11:15 **** Incremental Build of configuration Debug for project IncapV2_0 ****
make all 
Building file: ../src/Dates.cpp
Invoking: Cygwin C++ Compiler
g++ -std=c++11 -O0 -g3 -Wall -c -fmessage-length=0 -MMD -MP -MF"src/Dates.d" -MT"src/Dates.o" -o "src/Dates.o" "../src/Dates.cpp"
Finished building: ../src/Dates.cpp
 
Building file: ../src/Employee.cpp
Invoking: Cygwin C++ Compiler
g++ -std=c++11 -O0 -g3 -Wall -c -fmessage-length=0 -MMD -MP -MF"src/Employee.d" -MT"src/Employee.o" -o "src/Employee.o" "../src/Employee.cpp"
../src/Employee.cpp: In member function 'int Employee::printExit()':
../src/Employee.cpp:83:1: warning: no return statement in function returning non-void [-Wreturn-type]
 }
 ^
Finished building: ../src/Employee.cpp
 
Building file: ../src/IncapV2_0.cpp
Invoking: Cygwin C++ Compiler
g++ -std=c++11 -O0 -g3 -Wall -c -fmessage-length=0 -MMD -MP -MF"src/IncapV2_0.d" -MT"src/IncapV2_0.o" -o "src/IncapV2_0.o" "../src/IncapV2_0.cpp"
Finished building: ../src/IncapV2_0.cpp
 
Building target: IncapV2_0.exe
Invoking: Cygwin C++ Linker
g++  -o "IncapV2_0.exe"  ./src/Dates.o ./src/Employee.o ./src/IncapV2_0.o   
Finished building target: IncapV2_0.exe
 
21:14:39 **** Incremental Build of configuration Debug for project IncapV2_0 ****
make all 
Building file: ../src/IncapV2_0.cpp
Invoking: Cygwin C++ Compiler
g++ -std=c++11 -O0 -g3 -Wall -c -fmessage-length=0 -MMD -MP -MF"src/IncapV2_0.d" -MT"src/IncapV2_0.o" -o "src/IncapV2_0.o" "../src/IncapV2_0.cpp"
Finished building: ../src/IncapV2_0.cpp
 
Building target: IncapV2_0.exe
Invoking: Cygwin C++ Linker
g++  -o "IncapV2_0.exe"  ./src/Dates.o ./src/Employee.o ./src/IncapV2_0.o   
Finished building target: IncapV2_0.exe
 
21:15:33 **** Incremental Build of configuration Debug for project IncapV2_0 ****
make all 
Building file: ../src/IncapV2_0.cpp
Invoking: Cygwin C++ Compiler
g++ -std=c++11 -O0 -g3 -Wall -c -fmessage-length=0 -MMD -MP -MF"src/IncapV2_0.d" -MT"src/IncapV2_0.o" -o "src/IncapV2_0.o" "../src/IncapV2_0.cpp"
Finished building: ../src/IncapV2_0.cpp
 
Building target: IncapV2_0.exe
Invoking: Cygwin C++ Linker
g++  -o "IncapV2_0.exe"  ./src/Dates.o ./src/Employee.o ./src/IncapV2_0.o   
Finished building target: IncapV2_0.exe
 
21:17:44 **** Incremental Build of configuration Debug for project IncapV2_0 ****
make all 
Building file: ../src/Employee.cpp
Invoking: Cygwin C++ Compiler
g++ -std=c++11 -O0 -g3 -Wall -c -fmessage-length=0 -MMD -MP -MF"src/Employee.d" -MT"src/Employee.o" -o "src/Employee.o" "../src/Employee.cpp"
../src/Employee.cpp: In member function 'int Employee::printExit()':
../src/Employee.cpp:84:1: warning: no return statement in function returning non-void [-Wreturn-type]
 }
 ^
Finished building: ../src/Employee.cpp
 
Building file: ../src/IncapV2_0.cpp
Invoking: Cygwin C++ Compiler
g++ -std=c++11 -O0 -g3 -Wall -c -fmessage-length=0 -MMD -MP -MF"src/IncapV2_0.d" -MT"src/IncapV2_0.o" -o "src/IncapV2_0.o" "../src/IncapV2_0.cpp"
Finished building: ../src/IncapV2_0.cpp
 
Building target: IncapV2_0.exe
Invoking: Cygwin C++ Linker
g++  -o "IncapV2_0.exe"  ./src/Dates.o ./src/Employee.o ./src/IncapV2_0.o   
Finished building target: IncapV2_0.exe
 
21:19:21 **** Incremental Build of configuration Debug for project IncapV2_0 ****
make all 
Building file: ../src/Dates.cpp
Invoking: Cygwin C++ Compiler
g++ -std=c++11 -O0 -g3 -Wall -c -fmessage-length=0 -MMD -MP -MF"src/Dates.d" -MT"src/Dates.o" -o "src/Dates.o" "../src/Dates.cpp"
Finished building: ../src/Dates.cpp
 
Building file: ../src/Employee.cpp
Invoking: Cygwin C++ Compiler
g++ -std=c++11 -O0 -g3 -Wall -c -fmessage-length=0 -MMD -MP -MF"src/Employee.d" -MT"src/Employee.o" -o "src/Employee.o" "../src/Employee.cpp"
Finished building: ../src/Employee.cpp
 
Building file: ../src/IncapV2_0.cpp
Invoking: Cygwin C++ Compiler
g++ -std=c++11 -O0 -g3 -Wall -c -fmessage-length=0 -MMD -MP -MF"src/IncapV2_0.d" -MT"src/IncapV2_0.o" -o "src/IncapV2_0.o" "../src/IncapV2_0.cpp"
../src/IncapV2_0.cpp: In function 'int main()':
../src/IncapV2_0.cpp:48:12: error: void value not ignored as it ought to be
  continuar =salida.printExit();
            ^
make: *** [src/subdir.mk:26: src/IncapV2_0.o] Error 1
21:20:20 **** Incremental Build of configuration Debug for project IncapV2_0 ****
make all 
Building file: ../src/Dates.cpp
Invoking: Cygwin C++ Compiler
g++ -std=c++11 -O0 -g3 -Wall -c -fmessage-length=0 -MMD -MP -MF"src/Dates.d" -MT"src/Dates.o" -o "src/Dates.o" "../src/Dates.cpp"
Finished building: ../src/Dates.cpp
 
Building file: ../src/Employee.cpp
Invoking: Cygwin C++ Compiler
g++ -std=c++11 -O0 -g3 -Wall -c -fmessage-length=0 -MMD -MP -MF"src/Employee.d" -MT"src/Employee.o" -o "src/Employee.o" "../src/Employee.cpp"
Finished building: ../src/Employee.cpp
 
Building file: ../src/IncapV2_0.cpp
Invoking: Cygwin C++ Compiler
g++ -std=c++11 -O0 -g3 -Wall -c -fmessage-length=0 -MMD -MP -MF"src/IncapV2_0.d" -MT"src/IncapV2_0.o" -o "src/IncapV2_0.o" "../src/IncapV2_0.cpp"
Finished building: ../src/IncapV2_0.cpp
 
Building target: IncapV2_0.exe
Invoking: Cygwin C++ Linker
g++  -o "IncapV2_0.exe"  ./src/Dates.o ./src/Employee.o ./src/IncapV2_0.o   
Finished building target: IncapV2_0.exe
 
21:20:52 **** Incremental Build of configuration Debug for project IncapV2_0 ****
make all 
make: Nothing to be done for 'all'.
21:21:56 **** Incremental Build of configuration Debug for project IncapV2_0 ****
make all 
Building file: ../src/Employee.cpp
Invoking: Cygwin C++ Compiler
g++ -std=c++11 -O0 -g3 -Wall -c -fmessage-length=0 -MMD -MP -MF"src/Employee.d" -MT"src/Employee.o" -o "src/Employee.o" "../src/Employee.cpp"
Finished building: ../src/Employee.cpp
 
Building target: IncapV2_0.exe
Invoking: Cygwin C++ Linker
g++  -o "IncapV2_0.exe"  ./src/Dates.o ./src/Employee.o ./src/IncapV2_0.o   
Finished building target: IncapV2_0.exe
 
21:22:26 **** Incremental Build of configuration Debug for project IncapV2_0 ****
make all 
Building file: ../src/Employee.cpp
Invoking: Cygwin C++ Compiler
g++ -std=c++11 -O0 -g3 -Wall -c -fmessage-length=0 -MMD -MP -MF"src/Employee.d" -MT"src/Employee.o" -o "src/Employee.o" "../src/Employee.cpp"
Finished building: ../src/Employee.cpp
 
Building target: IncapV2_0.exe
Invoking: Cygwin C++ Linker
g++  -o "IncapV2_0.exe"  ./src/Dates.o ./src/Employee.o ./src/IncapV2_0.o   
Finished building target: IncapV2_0.exe
 
21:26:12 **** Incremental Build of configuration Debug for project IncapV2_0 ****
make all 
Building file: ../src/Dates.cpp
Invoking: Cygwin C++ Compiler
g++ -std=c++11 -O0 -g3 -Wall -c -fmessage-length=0 -MMD -MP -MF"src/Dates.d" -MT"src/Dates.o" -o "src/Dates.o" "../src/Dates.cpp"
Finished building: ../src/Dates.cpp
 
Building file: ../src/IncapV2_0.cpp
Invoking: Cygwin C++ Compiler
g++ -std=c++11 -O0 -g3 -Wall -c -fmessage-length=0 -MMD -MP -MF"src/IncapV2_0.d" -MT"src/IncapV2_0.o" -o "src/IncapV2_0.o" "../src/IncapV2_0.cpp"
../src/IncapV2_0.cpp: In function 'int main()':
../src/IncapV2_0.cpp:51:2: error: expected initializer before 'fin'
  fin.printIniMessage(5);
  ^
make: *** [src/subdir.mk:26: src/IncapV2_0.o] Error 1
21:26:25 **** Incremental Build of configuration Debug for project IncapV2_0 ****
make all 
Building file: ../src/IncapV2_0.cpp
Invoking: Cygwin C++ Compiler
g++ -std=c++11 -O0 -g3 -Wall -c -fmessage-length=0 -MMD -MP -MF"src/IncapV2_0.d" -MT"src/IncapV2_0.o" -o "src/IncapV2_0.o" "../src/IncapV2_0.cpp"
Finished building: ../src/IncapV2_0.cpp
 
Building target: IncapV2_0.exe
Invoking: Cygwin C++ Linker
g++  -o "IncapV2_0.exe"  ./src/Dates.o ./src/Employee.o ./src/IncapV2_0.o   
Finished building target: IncapV2_0.exe
 
21:34:43 **** Incremental Build of configuration Debug for project IncapV2_0 ****
make all 
Building file: ../src/IncapV2_0.cpp
Invoking: Cygwin C++ Compiler
g++ -std=c++11 -O0 -g3 -Wall -c -fmessage-length=0 -MMD -MP -MF"src/IncapV2_0.d" -MT"src/IncapV2_0.o" -o "src/IncapV2_0.o" "../src/IncapV2_0.cpp"
Finished building: ../src/IncapV2_0.cpp
 
Building target: IncapV2_0.exe
Invoking: Cygwin C++ Linker
g++  -o "IncapV2_0.exe"  ./src/Dates.o ./src/Employee.o ./src/IncapV2_0.o   
Finished building target: IncapV2_0.exe
 
16:54:16 **** Build of configuration Debug for project IncapV2_0 ****
make all 
Building file: ../src/Dates.cpp
Invoking: Cygwin C++ Compiler
g++ -std=c++11 -O0 -g3 -Wall -c -fmessage-length=0 -MMD -MP -MF"src/Dates.d" -MT"src/Dates.o" -o "src/Dates.o" "../src/Dates.cpp"
Finished building: ../src/Dates.cpp
 
Building file: ../src/Employee.cpp
Invoking: Cygwin C++ Compiler
g++ -std=c++11 -O0 -g3 -Wall -c -fmessage-length=0 -MMD -MP -MF"src/Employee.d" -MT"src/Employee.o" -o "src/Employee.o" "../src/Employee.cpp"
Finished building: ../src/Employee.cpp
 
Building file: ../src/IncapV2_0.cpp
Invoking: Cygwin C++ Compiler
g++ -std=c++11 -O0 -g3 -Wall -c -fmessage-length=0 -MMD -MP -MF"src/IncapV2_0.d" -MT"src/IncapV2_0.o" -o "src/IncapV2_0.o" "../src/IncapV2_0.cpp"
Finished building: ../src/IncapV2_0.cpp
 
Building target: IncapV2_0.exe
Invoking: Cygwin C++ Linker
g++  -o "IncapV2_0.exe"  ./src/Dates.o ./src/Employee.o ./src/IncapV2_0.o   
Finished building target: IncapV2_0.exe
 
16:54:23 **** Incremental Build of configuration Debug for project IncapV2_0 ****
make all 
make: Nothing to be done for 'all'.
16:54:24 **** Incremental Build of configuration Debug for project IncapV2_0 ****
make all 
make: Nothing to be done for 'all'.
20:45:34 **** Build of configuration Debug for project pointers ****
make all 
Building file: ../src/pointers.cpp
Invoking: Cygwin C++ Compiler
g++ -O0 -g3 -Wall -c -fmessage-length=0 -MMD -MP -MF"src/pointers.d" -MT"src/pointers.o" -o "src/pointers.o" "../src/pointers.cpp"
Finished building: ../src/pointers.cpp
 
Building target: pointers.exe
Invoking: Cygwin C++ Linker
g++  -o "pointers.exe"  ./src/pointers.o   
Finished building target: pointers.exe
 
20:45:40 **** Incremental Build of configuration Debug for project pointers ****
make all 
make: Nothing to be done for 'all'.
20:47:01 **** Incremental Build of configuration Debug for project pointers ****
make all 
Building file: ../src/pointers.cpp
Invoking: Cygwin C++ Compiler
g++ -O0 -g3 -Wall -c -fmessage-length=0 -MMD -MP -MF"src/pointers.d" -MT"src/pointers.o" -o "src/pointers.o" "../src/pointers.cpp"
Finished building: ../src/pointers.cpp
 
Building target: pointers.exe
Invoking: Cygwin C++ Linker
g++  -o "pointers.exe"  ./src/pointers.o   
Finished building target: pointers.exe
 
20:47:20 **** Incremental Build of configuration Debug for project pointers ****
make all 
Building file: ../src/pointers.cpp
Invoking: Cygwin C++ Compiler
g++ -O0 -g3 -Wall -c -fmessage-length=0 -MMD -MP -MF"src/pointers.d" -MT"src/pointers.o" -o "src/pointers.o" "../src/pointers.cpp"
Finished building: ../src/pointers.cpp
 
Building target: pointers.exe
Invoking: Cygwin C++ Linker
g++  -o "pointers.exe"  ./src/pointers.o   
Finished building target: pointers.exe
 
20:48:04 **** Incremental Build of configuration Debug for project pointers ****
make all 
Building file: ../src/pointers.cpp
Invoking: Cygwin C++ Compiler
g++ -O0 -g3 -Wall -c -fmessage-length=0 -MMD -MP -MF"src/pointers.d" -MT"src/pointers.o" -o "src/pointers.o" "../src/pointers.cpp"
Finished building: ../src/pointers.cpp
 
Building target: pointers.exe
Invoking: Cygwin C++ Linker
g++  -o "pointers.exe"  ./src/pointers.o   
Finished building target: pointers.exe
 
