18:29:46 **** Incremental Build of configuration Debug for project Test_Constr ****
make all 
Building file: ../src/Test_Constr.cpp
Invoking: Cygwin C++ Compiler
g++ -O0 -g3 -Wall -c -fmessage-length=0 -MMD -MP -MF"src/Test_Constr.d" -MT"src/Test_Constr.o" -o "src/Test_Constr.o" "../src/Test_Constr.cpp"
../src/Test_Constr.cpp: In function 'int main()':
../src/Test_Constr.cpp:16:17: error: 'getName' was not declared in this scope
  name = getName();
                 ^
make: *** [src/subdir.mk:23: src/Test_Constr.o] Error 1

18:29:47 Build Finished (took 955ms)

